Log file open, 04/26/20 11:26:18
LogWindows: Failed to load 'aqProf.dll' (GetLastError=126)
LogWindows: File 'aqProf.dll' does not exist
LogWindows: Failed to load 'VtuneApi.dll' (GetLastError=126)
LogWindows: File 'VtuneApi.dll' does not exist
LogWindows: Failed to load 'VtuneApi32e.dll' (GetLastError=126)
LogWindows: File 'VtuneApi32e.dll' does not exist
LogConsoleResponse: Display: Failed to find resolution value strings in scalability ini. Falling back to default.
LogInit: Display: Running engine for game: wrong_clone
LogPakFile: Registered encryption key '00000000000000000000000000000000': 0 pak files mounted, 0 remain pending
LogPlatformFile: Not using cached read wrapper
LogTaskGraph: Started task graph with 5 named threads and 14 total threads with 3 sets of task threads.
LogStats: Stats thread started at 0.172876
LogD3D11RHI: Loaded GFSDK_Aftermath_Lib.x64.dll
LogICUInternationalization: ICU TimeZone Detection - Raw Offset: +1:00, Platform Override: ''
LogPluginManager: Mounting plugin Paper2D
LogPluginManager: Mounting plugin AISupport
LogPluginManager: Mounting plugin LightPropagationVolume
LogPluginManager: Mounting plugin ActorLayerUtilities
LogPluginManager: Mounting plugin AnimationSharing
LogPluginManager: Mounting plugin CLionSourceCodeAccess
LogPluginManager: Mounting plugin CodeLiteSourceCodeAccess
LogPluginManager: Mounting plugin GitSourceControl
LogPluginManager: Mounting plugin KDevelopSourceCodeAccess
LogPluginManager: Mounting plugin NullSourceCodeAccess
LogPluginManager: Mounting plugin PerforceSourceControl
LogPluginManager: Mounting plugin SubversionSourceControl
LogPluginManager: Mounting plugin UObjectPlugin
LogPluginManager: Mounting plugin VisualStudioCodeSourceCodeAccess
LogPluginManager: Mounting plugin VisualStudioSourceCodeAccess
LogPluginManager: Mounting plugin XCodeSourceCodeAccess
LogPluginManager: Mounting plugin AssetManagerEditor
LogPluginManager: Mounting plugin CryptoKeys
LogPluginManager: Mounting plugin DataValidation
LogPluginManager: Mounting plugin FacialAnimation
LogPluginManager: Mounting plugin GameplayTagsEditor
LogPluginManager: Mounting plugin MacGraphicsSwitching
LogPluginManager: Mounting plugin MaterialAnalyzer
LogPluginManager: Mounting plugin MobileLauncherProfileWizard
LogPluginManager: Mounting plugin PluginBrowser
LogPluginManager: Mounting plugin SpeedTreeImporter
LogPluginManager: Mounting plugin DatasmithContent
LogPluginManager: Mounting plugin VariantManagerContent
LogPluginManager: Mounting plugin AlembicImporter
LogPluginManager: Mounting plugin AppleImageUtils
LogPluginManager: Mounting plugin AppleVision
LogPluginManager: Mounting plugin BackChannel
LogPluginManager: Mounting plugin CharacterAI
LogPluginManager: Mounting plugin GeometryCache
LogPluginManager: Mounting plugin HTML5Networking
LogPluginManager: Mounting plugin ProxyLODPlugin
LogPluginManager: Mounting plugin SkeletalReduction
LogPluginManager: Mounting plugin MagicLeap
LogPluginManager: Mounting plugin MagicLeapMedia
LogPluginManager: Mounting plugin AndroidMedia
LogPluginManager: Mounting plugin AvfMedia
LogPluginManager: Mounting plugin ImgMedia
LogPluginManager: Mounting plugin LinearTimecode
LogPluginManager: Mounting plugin MediaCompositing
LogPluginManager: Mounting plugin MediaPlayerEditor
LogPluginManager: Mounting plugin WebMMedia
LogPluginManager: Mounting plugin WmfMedia
LogPluginManager: Mounting plugin TcpMessaging
LogPluginManager: Mounting plugin UdpMessaging
LogPluginManager: Mounting plugin ActorSequence
LogPluginManager: Mounting plugin LevelSequenceEditor
LogPluginManager: Mounting plugin MatineeToLevelSequence
LogPluginManager: Mounting plugin NetcodeUnitTest
LogPluginManager: Mounting plugin NUTUnrealEngine4
LogPluginManager: Mounting plugin OnlineSubsystemGooglePlay
LogPluginManager: Mounting plugin OnlineSubsystemIOS
LogPluginManager: Mounting plugin OnlineSubsystem
LogPluginManager: Mounting plugin OnlineSubsystemNull
LogPluginManager: Mounting plugin OnlineSubsystemUtils
LogPluginManager: Mounting plugin LauncherChunkInstaller
LogPluginManager: Mounting plugin AndroidDeviceProfileSelector
LogPluginManager: Mounting plugin AndroidMoviePlayer
LogPluginManager: Mounting plugin AndroidPermission
LogPluginManager: Mounting plugin ApexDestruction
LogPluginManager: Mounting plugin AppleMoviePlayer
LogPluginManager: Mounting plugin ArchVisCharacter
LogPluginManager: Mounting plugin AudioCapture
LogPluginManager: Mounting plugin CableComponent
LogPluginManager: Mounting plugin CustomMeshComponent
LogPluginManager: Mounting plugin EditableMesh
LogPluginManager: Mounting plugin ExampleDeviceProfileSelector
LogPluginManager: Mounting plugin Firebase
LogPluginManager: Mounting plugin GoogleCloudMessaging
LogPluginManager: Mounting plugin IOSDeviceProfileSelector
LogPluginManager: Mounting plugin LinuxDeviceProfileSelector
LogPluginManager: Mounting plugin LocationServicesBPLibrary
LogPluginManager: Mounting plugin MobilePatchingUtils
LogPluginManager: Mounting plugin OculusVR
LogPluginManager: Mounting plugin PhysXVehicles
LogPluginManager: Mounting plugin ProceduralMeshComponent
LogPluginManager: Mounting plugin RuntimePhysXCooking
LogPluginManager: Mounting plugin SignificanceManager
LogPluginManager: Mounting plugin SteamVR
LogPluginManager: Mounting plugin WebMMoviePlayer
LogPluginManager: Mounting plugin WindowsMoviePlayer
LogInit: Using libcurl 7.55.1-DEV
LogInit:  - built for x86_64-pc-win32
LogInit:  - supports SSL with OpenSSL/1.1.1
LogInit:  - supports HTTP deflate (compression) using libz 1.2.8
LogInit:  - other features:
LogInit:      CURL_VERSION_SSL
LogInit:      CURL_VERSION_LIBZ
LogInit:      CURL_VERSION_IPV6
LogInit:      CURL_VERSION_ASYNCHDNS
LogInit:      CURL_VERSION_LARGEFILE
LogInit:      CURL_VERSION_IDN
LogInit:  CurlRequestOptions (configurable via config and command line):
LogInit:  - bVerifyPeer = true  - Libcurl will verify peer certificate
LogInit:  - bUseHttpProxy = false  - Libcurl will NOT use HTTP proxy
LogInit:  - bDontReuseConnections = false  - Libcurl will reuse connections
LogInit:  - MaxHostConnections = 16  - Libcurl will limit the number of connections to a host
LogInit:  - LocalHostAddr = Default
LogInit:  - BufferSize = 65536
LogInit: WinSock: version 1.1 (2.2), MaxSocks=32767, MaxUdp=65467
LogInit: Build: ++UE4+Release-4.22-CL-7053642
LogInit: Engine Version: 4.22.3-7053642+++UE4+Release-4.22
LogInit: Compatible Engine Version: 4.22.0-5660361+++UE4+Release-4.22
LogInit: Net CL: 5660361
LogInit: OS: Windows 10 (Release 1909) (), CPU: Intel(R) Core(TM) i5-6600K CPU @ 3.50GHz, GPU: NVIDIA GeForce GTX 1080
LogInit: Compiled (64-bit): Jun 18 2019 03:09:11
LogInit: Compiled with Visual C++: 19.16.27025.01
LogInit: Build Configuration: Development
LogInit: Branch Name: ++UE4+Release-4.22
LogInit: Command Line: 
LogInit: Base Directory: D:/Games/UE_4.22/Engine/Binaries/Win64/
LogInit: Installed Engine Build: 1
LogDevObjectVersion: Number of dev versions registered: 23
LogDevObjectVersion:   Dev-Blueprints (B0D832E4-1F89-4F0D-ACCF-7EB736FD4AA2): 10
LogDevObjectVersion:   Dev-Build (E1C64328-A22C-4D53-A36C-8E866417BD8C): 0
LogDevObjectVersion:   Dev-Core (375EC13C-06E4-48FB-B500-84F0262A717E): 3
LogDevObjectVersion:   Dev-Editor (E4B068ED-F494-42E9-A231-DA0B2E46BB41): 30
LogDevObjectVersion:   Dev-Framework (CFFC743F-43B0-4480-9391-14DF171D2073): 35
LogDevObjectVersion:   Dev-Mobile (B02B49B5-BB20-44E9-A304-32B752E40360): 2
LogDevObjectVersion:   Dev-Networking (A4E4105C-59A1-49B5-A7C5-40C4547EDFEE): 0
LogDevObjectVersion:   Dev-Online (39C831C9-5AE6-47DC-9A44-9C173E1C8E7C): 0
LogDevObjectVersion:   Dev-Physics (78F01B33-EBEA-4F98-B9B4-84EACCB95AA2): 0
LogDevObjectVersion:   Dev-Platform (6631380F-2D4D-43E0-8009-CF276956A95A): 0
LogDevObjectVersion:   Dev-Rendering (12F88B9F-8875-4AFC-A67C-D90C383ABD29): 28
LogDevObjectVersion:   Dev-Sequencer (7B5AE74C-D270-4C10-A958-57980B212A5A): 11
LogDevObjectVersion:   Dev-VR (D7296918-1DD6-4BDD-9DE2-64A83CC13884): 2
LogDevObjectVersion:   Dev-LoadTimes (C2A15278-BFE7-4AFE-6C17-90FF531DF755): 1
LogDevObjectVersion:   Private-Geometry (6EACA3D4-40EC-4CC1-B786-8BED09428FC5): 3
LogDevObjectVersion:   Dev-AnimPhys (29E575DD-E0A3-4627-9D10-D276232CDCEA): 17
LogDevObjectVersion:   Dev-Anim (AF43A65D-7FD3-4947-9873-3E8ED9C1BB05): 2
LogDevObjectVersion:   Dev-ReflectionCapture (6B266CEC-1EC7-4B8F-A30B-E4D90942FC07): 1
LogDevObjectVersion:   Dev-Automation (0DF73D61-A23F-47EA-B727-89E90C41499A): 1
LogDevObjectVersion:   FortniteMain (601D1886-AC64-4F84-AA16-D3DE0DEAC7D6): 25
LogDevObjectVersion:   Dev-Enterprise (9DFFBCD6-494F-0158-E221-12823C92A888): 6
LogDevObjectVersion:   Dev-Niagara (F2AED0AC-9AFE-416F-8664-AA7FFA26D6FC): 1
LogDevObjectVersion:   Dev-Destruction (174F1F0B-B4C6-45A5-B13F-2EE8D0FB917D): 2
LogInit: Presizing for max 16777216 objects, including 0 objects not considered by GC, pre-allocating 0 bytes for permanent pool.
LogInit: Object subsystem initialized
LogConfig: Setting CVar [[con.DebugEarlyDefault:1]]
LogConfig: Setting CVar [[r.setres:1280x720]]
[2020.04.26-09.26.18:776][  0]LogConfig: Setting CVar [[r.VSync:0]]
[2020.04.26-09.26.18:776][  0]LogConfig: Setting CVar [[r.RHICmdBypass:0]]
[2020.04.26-09.26.18:776][  0]LogConfig: Applying CVar settings from Section [/Script/Engine.RendererSettings] File [D:/Github/EleBot_Project/wrong_clone_2/Saved/Config/Windows/Engine.ini]
[2020.04.26-09.26.18:776][  0]LogConfig: Setting CVar [[r.GPUCrashDebugging:0]]
[2020.04.26-09.26.18:776][  0]LogConfig: Applying CVar settings from Section [/Script/Engine.RendererOverrideSettings] File [D:/Github/EleBot_Project/wrong_clone_2/Saved/Config/Windows/Engine.ini]
[2020.04.26-09.26.18:776][  0]LogConfig: Applying CVar settings from Section [/Script/Engine.StreamingSettings] File [D:/Github/EleBot_Project/wrong_clone_2/Saved/Config/Windows/Engine.ini]
[2020.04.26-09.26.18:776][  0]LogConfig: Setting CVar [[s.MinBulkDataSizeForAsyncLoading:131072]]
[2020.04.26-09.26.18:776][  0]LogConfig: Setting CVar [[s.AsyncLoadingThreadEnabled:0]]
[2020.04.26-09.26.18:776][  0]LogConfig: Setting CVar [[s.EventDrivenLoaderEnabled:1]]
[2020.04.26-09.26.18:776][  0]LogConfig: Setting CVar [[s.WarnIfTimeLimitExceeded:0]]
[2020.04.26-09.26.18:776][  0]LogConfig: Setting CVar [[s.TimeLimitExceededMultiplier:1.5]]
[2020.04.26-09.26.18:776][  0]LogConfig: Setting CVar [[s.TimeLimitExceededMinTime:0.005]]
[2020.04.26-09.26.18:776][  0]LogConfig: Setting CVar [[s.UseBackgroundLevelStreaming:1]]
[2020.04.26-09.26.18:776][  0]LogConfig: Setting CVar [[s.PriorityAsyncLoadingExtraTime:15.0]]
[2020.04.26-09.26.18:776][  0]LogConfig: Setting CVar [[s.LevelStreamingActorsUpdateTimeLimit:5.0]]
[2020.04.26-09.26.18:776][  0]LogConfig: Setting CVar [[s.PriorityLevelStreamingActorsUpdateExtraTime:5.0]]
[2020.04.26-09.26.18:776][  0]LogConfig: Setting CVar [[s.LevelStreamingComponentsRegistrationGranularity:10]]
[2020.04.26-09.26.18:776][  0]LogConfig: Setting CVar [[s.UnregisterComponentsTimeLimit:1.0]]
[2020.04.26-09.26.18:776][  0]LogConfig: Setting CVar [[s.LevelStreamingComponentsUnregistrationGranularity:5]]
[2020.04.26-09.26.18:776][  0]LogConfig: Applying CVar settings from Section [/Script/Engine.GarbageCollectionSettings] File [D:/Github/EleBot_Project/wrong_clone_2/Saved/Config/Windows/Engine.ini]
[2020.04.26-09.26.18:776][  0]LogConfig: Setting CVar [[gc.MaxObjectsNotConsideredByGC:1]]
[2020.04.26-09.26.18:776][  0]LogConfig: Setting CVar [[gc.SizeOfPermanentObjectPool:0]]
[2020.04.26-09.26.18:776][  0]LogConfig: Setting CVar [[gc.FlushStreamingOnGC:0]]
[2020.04.26-09.26.18:776][  0]LogConfig: Setting CVar [[gc.NumRetriesBeforeForcingGC:10]]
[2020.04.26-09.26.18:776][  0]LogConfig: Setting CVar [[gc.AllowParallelGC:1]]
[2020.04.26-09.26.18:776][  0]LogConfig: Setting CVar [[gc.TimeBetweenPurgingPendingKillObjects:61.1]]
[2020.04.26-09.26.18:776][  0]LogConfig: Setting CVar [[gc.MaxObjectsInEditor:16777216]]
[2020.04.26-09.26.18:776][  0]LogConfig: Setting CVar [[gc.IncrementalBeginDestroyEnabled:1]]
[2020.04.26-09.26.18:776][  0]LogConfig: Setting CVar [[gc.CreateGCClusters:1]]
[2020.04.26-09.26.18:776][  0]LogConfig: Setting CVar [[gc.MinGCClusterSize:5]]
[2020.04.26-09.26.18:776][  0]LogConfig: Setting CVar [[gc.ActorClusteringEnabled:0]]
[2020.04.26-09.26.18:776][  0]LogConfig: Setting CVar [[gc.BlueprintClusteringEnabled:0]]
[2020.04.26-09.26.18:776][  0]LogConfig: Setting CVar [[gc.UseDisregardForGCOnDedicatedServers:0]]
[2020.04.26-09.26.18:776][  0]LogConfig: Applying CVar settings from Section [/Script/Engine.NetworkSettings] File [D:/Github/EleBot_Project/wrong_clone_2/Saved/Config/Windows/Engine.ini]
[2020.04.26-09.26.18:776][  0]LogConfig: Applying CVar settings from Section [/Script/UnrealEd.CookerSettings] File [D:/Github/EleBot_Project/wrong_clone_2/Saved/Config/Windows/Engine.ini]
[2020.04.26-09.26.18:784][  0]LogConfig: Applying CVar settings from Section [ViewDistanceQuality@3] File [D:/Github/EleBot_Project/wrong_clone_2/Saved/Config/Windows/Scalability.ini]
[2020.04.26-09.26.18:784][  0]LogConfig: Setting CVar [[r.SkeletalMeshLODBias:0]]
[2020.04.26-09.26.18:784][  0]LogConfig: Setting CVar [[r.ViewDistanceScale:1.0]]
[2020.04.26-09.26.18:784][  0]LogConfig: Applying CVar settings from Section [AntiAliasingQuality@3] File [D:/Github/EleBot_Project/wrong_clone_2/Saved/Config/Windows/Scalability.ini]
[2020.04.26-09.26.18:784][  0]LogConfig: Setting CVar [[r.PostProcessAAQuality:4]]
[2020.04.26-09.26.18:784][  0]LogConfig: Applying CVar settings from Section [ShadowQuality@3] File [D:/Github/EleBot_Project/wrong_clone_2/Saved/Config/Windows/Scalability.ini]
[2020.04.26-09.26.18:784][  0]LogConfig: Setting CVar [[r.LightFunctionQuality:1]]
[2020.04.26-09.26.18:784][  0]LogConfig: Setting CVar [[r.ShadowQuality:5]]
[2020.04.26-09.26.18:784][  0]LogConfig: Setting CVar [[r.Shadow.CSM.MaxCascades:10]]
[2020.04.26-09.26.18:784][  0]LogConfig: Setting CVar [[r.Shadow.MaxResolution:2048]]
[2020.04.26-09.26.18:784][  0]LogConfig: Setting CVar [[r.Shadow.MaxCSMResolution:2048]]
[2020.04.26-09.26.18:784][  0]LogConfig: Setting CVar [[r.Shadow.RadiusThreshold:0.01]]
[2020.04.26-09.26.18:784][  0]LogConfig: Setting CVar [[r.Shadow.DistanceScale:1.0]]
[2020.04.26-09.26.18:784][  0]LogConfig: Setting CVar [[r.Shadow.CSM.TransitionScale:1.0]]
[2020.04.26-09.26.18:784][  0]LogConfig: Setting CVar [[r.Shadow.PreShadowResolutionFactor:1.0]]
[2020.04.26-09.26.18:784][  0]LogConfig: Setting CVar [[r.DistanceFieldShadowing:1]]
[2020.04.26-09.26.18:785][  0]LogConfig: Setting CVar [[r.DistanceFieldAO:1]]
[2020.04.26-09.26.18:785][  0]LogConfig: Setting CVar [[r.AOQuality:2]]
[2020.04.26-09.26.18:785][  0]LogConfig: Setting CVar [[r.VolumetricFog:1]]
[2020.04.26-09.26.18:785][  0]LogConfig: Setting CVar [[r.VolumetricFog.GridPixelSize:8]]
[2020.04.26-09.26.18:785][  0]LogConfig: Setting CVar [[r.VolumetricFog.GridSizeZ:128]]
[2020.04.26-09.26.18:785][  0]LogConfig: Setting CVar [[r.VolumetricFog.HistoryMissSupersampleCount:4]]
[2020.04.26-09.26.18:785][  0]LogConfig: Setting CVar [[r.LightMaxDrawDistanceScale:1]]
[2020.04.26-09.26.18:785][  0]LogConfig: Setting CVar [[r.CapsuleShadows:1]]
[2020.04.26-09.26.18:785][  0]LogConfig: Applying CVar settings from Section [PostProcessQuality@3] File [D:/Github/EleBot_Project/wrong_clone_2/Saved/Config/Windows/Scalability.ini]
[2020.04.26-09.26.18:785][  0]LogConfig: Setting CVar [[r.MotionBlurQuality:4]]
[2020.04.26-09.26.18:785][  0]LogConfig: Setting CVar [[r.AmbientOcclusionMipLevelFactor:0.4]]
[2020.04.26-09.26.18:785][  0]LogConfig: Setting CVar [[r.AmbientOcclusionMaxQuality:100]]
[2020.04.26-09.26.18:785][  0]LogConfig: Setting CVar [[r.AmbientOcclusionLevels:-1]]
[2020.04.26-09.26.18:785][  0]LogConfig: Setting CVar [[r.AmbientOcclusionRadiusScale:1.0]]
[2020.04.26-09.26.18:785][  0]LogConfig: Setting CVar [[r.DepthOfFieldQuality:2]]
[2020.04.26-09.26.18:785][  0]LogConfig: Setting CVar [[r.RenderTargetPoolMin:400]]
[2020.04.26-09.26.18:785][  0]LogConfig: Setting CVar [[r.LensFlareQuality:2]]
[2020.04.26-09.26.18:785][  0]LogConfig: Setting CVar [[r.SceneColorFringeQuality:1]]
[2020.04.26-09.26.18:785][  0]LogConfig: Setting CVar [[r.EyeAdaptationQuality:2]]
[2020.04.26-09.26.18:785][  0]LogConfig: Setting CVar [[r.BloomQuality:5]]
[2020.04.26-09.26.18:785][  0]LogConfig: Setting CVar [[r.FastBlurThreshold:100]]
[2020.04.26-09.26.18:785][  0]LogConfig: Setting CVar [[r.Upscale.Quality:3]]
[2020.04.26-09.26.18:785][  0]LogConfig: Setting CVar [[r.Tonemapper.GrainQuantization:1]]
[2020.04.26-09.26.18:785][  0]LogConfig: Setting CVar [[r.LightShaftQuality:1]]
[2020.04.26-09.26.18:785][  0]LogConfig: Setting CVar [[r.Filter.SizeScale:1]]
[2020.04.26-09.26.18:785][  0]LogConfig: Setting CVar [[r.Tonemapper.Quality:5]]
[2020.04.26-09.26.18:785][  0]LogConfig: Setting CVar [[r.DOF.Gather.AccumulatorQuality:1        ; higher gathering accumulator quality]]
[2020.04.26-09.26.18:785][  0]LogConfig: Setting CVar [[r.DOF.Gather.PostfilterMethod:1          ; Median3x3 postfilering method]]
[2020.04.26-09.26.18:785][  0]LogConfig: Setting CVar [[r.DOF.Gather.EnableBokehSettings:0       ; no bokeh simulation when gathering]]
[2020.04.26-09.26.18:785][  0]LogConfig: Setting CVar [[r.DOF.Gather.RingCount:4                 ; medium number of samples when gathering]]
[2020.04.26-09.26.18:785][  0]LogConfig: Setting CVar [[r.DOF.Scatter.ForegroundCompositing:1    ; additive foreground scattering]]
[2020.04.26-09.26.18:785][  0]LogConfig: Setting CVar [[r.DOF.Scatter.BackgroundCompositing:2    ; additive background scattering]]
[2020.04.26-09.26.18:785][  0]LogConfig: Setting CVar [[r.DOF.Scatter.EnableBokehSettings:1      ; bokeh simulation when scattering]]
[2020.04.26-09.26.18:785][  0]LogConfig: Setting CVar [[r.DOF.Scatter.MaxSpriteRatio:0.1         ; only a maximum of 10% of scattered bokeh]]
[2020.04.26-09.26.18:785][  0]LogConfig: Setting CVar [[r.DOF.Recombine.Quality:1                ; cheap slight out of focus]]
[2020.04.26-09.26.18:785][  0]LogConfig: Setting CVar [[r.DOF.Recombine.EnableBokehSettings:0    ; no bokeh simulation on slight out of focus]]
[2020.04.26-09.26.18:785][  0]LogConfig: Setting CVar [[r.DOF.TemporalAAQuality:1                ; more stable temporal accumulation]]
[2020.04.26-09.26.18:785][  0]LogConfig: Setting CVar [[r.DOF.Kernel.MaxForegroundRadius:0.025]]
[2020.04.26-09.26.18:785][  0]LogConfig: Setting CVar [[r.DOF.Kernel.MaxBackgroundRadius:0.025]]
[2020.04.26-09.26.18:785][  0]LogConfig: Applying CVar settings from Section [TextureQuality@3] File [D:/Github/EleBot_Project/wrong_clone_2/Saved/Config/Windows/Scalability.ini]
[2020.04.26-09.26.18:785][  0]LogConfig: Setting CVar [[r.Streaming.MipBias:0]]
[2020.04.26-09.26.18:785][  0]LogConfig: Setting CVar [[r.Streaming.AmortizeCPUToGPUCopy:0]]
[2020.04.26-09.26.18:785][  0]LogConfig: Setting CVar [[r.Streaming.MaxNumTexturesToStreamPerFrame:0]]
[2020.04.26-09.26.18:785][  0]LogConfig: Setting CVar [[r.Streaming.Boost:1]]
[2020.04.26-09.26.18:785][  0]LogConfig: Setting CVar [[r.MaxAnisotropy:8]]
[2020.04.26-09.26.18:785][  0]LogConfig: Setting CVar [[r.Streaming.LimitPoolSizeToVRAM:0]]
[2020.04.26-09.26.18:785][  0]LogConfig: Setting CVar [[r.Streaming.PoolSize:1000]]
[2020.04.26-09.26.18:785][  0]LogConfig: Setting CVar [[r.Streaming.MaxEffectiveScreenSize:0]]
[2020.04.26-09.26.18:785][  0]LogConfig: Applying CVar settings from Section [EffectsQuality@3] File [D:/Github/EleBot_Project/wrong_clone_2/Saved/Config/Windows/Scalability.ini]
[2020.04.26-09.26.18:785][  0]LogConfig: Setting CVar [[r.TranslucencyLightingVolumeDim:64]]
[2020.04.26-09.26.18:785][  0]LogConfig: Setting CVar [[r.RefractionQuality:2]]
[2020.04.26-09.26.18:785][  0]LogConfig: Setting CVar [[r.SSR.Quality:3]]
[2020.04.26-09.26.18:785][  0]LogConfig: Setting CVar [[r.SceneColorFormat:4]]
[2020.04.26-09.26.18:785][  0]LogConfig: Setting CVar [[r.DetailMode:2]]
[2020.04.26-09.26.18:785][  0]LogConfig: Setting CVar [[r.TranslucencyVolumeBlur:1]]
[2020.04.26-09.26.18:785][  0]LogConfig: Setting CVar [[r.MaterialQualityLevel:1 ; High quality]]
[2020.04.26-09.26.18:785][  0]LogConfig: Setting CVar [[r.SSS.Scale:1]]
[2020.04.26-09.26.18:785][  0]LogConfig: Setting CVar [[r.SSS.SampleSet:2]]
[2020.04.26-09.26.18:785][  0]LogConfig: Setting CVar [[r.SSS.Quality:1]]
[2020.04.26-09.26.18:785][  0]LogConfig: Setting CVar [[r.SSS.HalfRes:1]]
[2020.04.26-09.26.18:785][  0]LogConfig: Setting CVar [[r.EmitterSpawnRateScale:1.0]]
[2020.04.26-09.26.18:785][  0]LogConfig: Setting CVar [[r.ParticleLightQuality:2]]
[2020.04.26-09.26.18:785][  0]LogConfig: Applying CVar settings from Section [FoliageQuality@3] File [D:/Github/EleBot_Project/wrong_clone_2/Saved/Config/Windows/Scalability.ini]
[2020.04.26-09.26.18:785][  0]LogConfig: Setting CVar [[foliage.DensityScale:1.0]]
[2020.04.26-09.26.18:785][  0]LogConfig: Setting CVar [[grass.DensityScale:1.0]]
[2020.04.26-09.26.18:785][  0]LogInit: Selected Device Profile: [Windows]
[2020.04.26-09.26.18:785][  0]LogInit: Applying CVar settings loaded from the selected device profile: [Windows]
[2020.04.26-09.26.18:799][  0]LogHAL: Display: Platform has ~ 16 GB [17129725952 / 17179869184 / 16], which maps to Larger [LargestMinGB=32, LargerMinGB=12, DefaultMinGB=8, SmallerMinGB=6, SmallestMinGB=0)
[2020.04.26-09.26.18:799][  0]LogConfig: Setting CVar [[r.Vulkan.UseRealUBs:0		; Required until we fix HLR fall-out]]
[2020.04.26-09.26.18:799][  0]LogInit: Going up to parent DeviceProfile []
[2020.04.26-09.26.18:799][  0]LogConfig: Applying CVar settings from Section [ViewDistanceQuality@3] File [D:/Github/EleBot_Project/wrong_clone_2/Saved/Config/Windows/Scalability.ini]
[2020.04.26-09.26.18:799][  0]LogConfig: Setting CVar [[r.SkeletalMeshLODBias:0]]
[2020.04.26-09.26.18:799][  0]LogConfig: Setting CVar [[r.ViewDistanceScale:1.0]]
[2020.04.26-09.26.18:799][  0]LogConfig: Applying CVar settings from Section [AntiAliasingQuality@3] File [D:/Github/EleBot_Project/wrong_clone_2/Saved/Config/Windows/Scalability.ini]
[2020.04.26-09.26.18:799][  0]LogConfig: Setting CVar [[r.PostProcessAAQuality:4]]
[2020.04.26-09.26.18:799][  0]LogConfig: Applying CVar settings from Section [ShadowQuality@3] File [D:/Github/EleBot_Project/wrong_clone_2/Saved/Config/Windows/Scalability.ini]
[2020.04.26-09.26.18:799][  0]LogConfig: Setting CVar [[r.LightFunctionQuality:1]]
[2020.04.26-09.26.18:799][  0]LogConfig: Setting CVar [[r.ShadowQuality:5]]
[2020.04.26-09.26.18:799][  0]LogConfig: Setting CVar [[r.Shadow.CSM.MaxCascades:10]]
[2020.04.26-09.26.18:799][  0]LogConfig: Setting CVar [[r.Shadow.MaxResolution:2048]]
[2020.04.26-09.26.18:799][  0]LogConfig: Setting CVar [[r.Shadow.MaxCSMResolution:2048]]
[2020.04.26-09.26.18:799][  0]LogConfig: Setting CVar [[r.Shadow.RadiusThreshold:0.01]]
[2020.04.26-09.26.18:799][  0]LogConfig: Setting CVar [[r.Shadow.DistanceScale:1.0]]
[2020.04.26-09.26.18:799][  0]LogConfig: Setting CVar [[r.Shadow.CSM.TransitionScale:1.0]]
[2020.04.26-09.26.18:799][  0]LogConfig: Setting CVar [[r.Shadow.PreShadowResolutionFactor:1.0]]
[2020.04.26-09.26.18:799][  0]LogConfig: Setting CVar [[r.DistanceFieldShadowing:1]]
[2020.04.26-09.26.18:799][  0]LogConfig: Setting CVar [[r.DistanceFieldAO:1]]
[2020.04.26-09.26.18:799][  0]LogConfig: Setting CVar [[r.AOQuality:2]]
[2020.04.26-09.26.18:799][  0]LogConfig: Setting CVar [[r.VolumetricFog:1]]
[2020.04.26-09.26.18:799][  0]LogConfig: Setting CVar [[r.VolumetricFog.GridPixelSize:8]]
[2020.04.26-09.26.18:799][  0]LogConfig: Setting CVar [[r.VolumetricFog.GridSizeZ:128]]
[2020.04.26-09.26.18:799][  0]LogConfig: Setting CVar [[r.VolumetricFog.HistoryMissSupersampleCount:4]]
[2020.04.26-09.26.18:799][  0]LogConfig: Setting CVar [[r.LightMaxDrawDistanceScale:1]]
[2020.04.26-09.26.18:799][  0]LogConfig: Setting CVar [[r.CapsuleShadows:1]]
[2020.04.26-09.26.18:799][  0]LogConfig: Applying CVar settings from Section [PostProcessQuality@3] File [D:/Github/EleBot_Project/wrong_clone_2/Saved/Config/Windows/Scalability.ini]
[2020.04.26-09.26.18:799][  0]LogConfig: Setting CVar [[r.MotionBlurQuality:4]]
[2020.04.26-09.26.18:799][  0]LogConfig: Setting CVar [[r.AmbientOcclusionMipLevelFactor:0.4]]
[2020.04.26-09.26.18:799][  0]LogConfig: Setting CVar [[r.AmbientOcclusionMaxQuality:100]]
[2020.04.26-09.26.18:799][  0]LogConfig: Setting CVar [[r.AmbientOcclusionLevels:-1]]
[2020.04.26-09.26.18:799][  0]LogConfig: Setting CVar [[r.AmbientOcclusionRadiusScale:1.0]]
[2020.04.26-09.26.18:799][  0]LogConfig: Setting CVar [[r.DepthOfFieldQuality:2]]
[2020.04.26-09.26.18:799][  0]LogConfig: Setting CVar [[r.RenderTargetPoolMin:400]]
[2020.04.26-09.26.18:799][  0]LogConfig: Setting CVar [[r.LensFlareQuality:2]]
[2020.04.26-09.26.18:799][  0]LogConfig: Setting CVar [[r.SceneColorFringeQuality:1]]
[2020.04.26-09.26.18:800][  0]LogConfig: Setting CVar [[r.EyeAdaptationQuality:2]]
[2020.04.26-09.26.18:800][  0]LogConfig: Setting CVar [[r.BloomQuality:5]]
[2020.04.26-09.26.18:800][  0]LogConfig: Setting CVar [[r.FastBlurThreshold:100]]
[2020.04.26-09.26.18:800][  0]LogConfig: Setting CVar [[r.Upscale.Quality:3]]
[2020.04.26-09.26.18:800][  0]LogConfig: Setting CVar [[r.Tonemapper.GrainQuantization:1]]
[2020.04.26-09.26.18:800][  0]LogConfig: Setting CVar [[r.LightShaftQuality:1]]
[2020.04.26-09.26.18:800][  0]LogConfig: Setting CVar [[r.Filter.SizeScale:1]]
[2020.04.26-09.26.18:800][  0]LogConfig: Setting CVar [[r.Tonemapper.Quality:5]]
[2020.04.26-09.26.18:800][  0]LogConfig: Setting CVar [[r.DOF.Gather.AccumulatorQuality:1        ; higher gathering accumulator quality]]
[2020.04.26-09.26.18:800][  0]LogConfig: Setting CVar [[r.DOF.Gather.PostfilterMethod:1          ; Median3x3 postfilering method]]
[2020.04.26-09.26.18:800][  0]LogConfig: Setting CVar [[r.DOF.Gather.EnableBokehSettings:0       ; no bokeh simulation when gathering]]
[2020.04.26-09.26.18:800][  0]LogConfig: Setting CVar [[r.DOF.Gather.RingCount:4                 ; medium number of samples when gathering]]
[2020.04.26-09.26.18:800][  0]LogConfig: Setting CVar [[r.DOF.Scatter.ForegroundCompositing:1    ; additive foreground scattering]]
[2020.04.26-09.26.18:800][  0]LogConfig: Setting CVar [[r.DOF.Scatter.BackgroundCompositing:2    ; additive background scattering]]
[2020.04.26-09.26.18:800][  0]LogConfig: Setting CVar [[r.DOF.Scatter.EnableBokehSettings:1      ; bokeh simulation when scattering]]
[2020.04.26-09.26.18:800][  0]LogConfig: Setting CVar [[r.DOF.Scatter.MaxSpriteRatio:0.1         ; only a maximum of 10% of scattered bokeh]]
[2020.04.26-09.26.18:800][  0]LogConfig: Setting CVar [[r.DOF.Recombine.Quality:1                ; cheap slight out of focus]]
[2020.04.26-09.26.18:800][  0]LogConfig: Setting CVar [[r.DOF.Recombine.EnableBokehSettings:0    ; no bokeh simulation on slight out of focus]]
[2020.04.26-09.26.18:800][  0]LogConfig: Setting CVar [[r.DOF.TemporalAAQuality:1                ; more stable temporal accumulation]]
[2020.04.26-09.26.18:800][  0]LogConfig: Setting CVar [[r.DOF.Kernel.MaxForegroundRadius:0.025]]
[2020.04.26-09.26.18:800][  0]LogConfig: Setting CVar [[r.DOF.Kernel.MaxBackgroundRadius:0.025]]
[2020.04.26-09.26.18:800][  0]LogConfig: Applying CVar settings from Section [TextureQuality@3] File [D:/Github/EleBot_Project/wrong_clone_2/Saved/Config/Windows/Scalability.ini]
[2020.04.26-09.26.18:800][  0]LogConfig: Setting CVar [[r.Streaming.MipBias:0]]
[2020.04.26-09.26.18:800][  0]LogConfig: Setting CVar [[r.Streaming.AmortizeCPUToGPUCopy:0]]
[2020.04.26-09.26.18:800][  0]LogConfig: Setting CVar [[r.Streaming.MaxNumTexturesToStreamPerFrame:0]]
[2020.04.26-09.26.18:800][  0]LogConfig: Setting CVar [[r.Streaming.Boost:1]]
[2020.04.26-09.26.18:800][  0]LogConfig: Setting CVar [[r.MaxAnisotropy:8]]
[2020.04.26-09.26.18:800][  0]LogConfig: Setting CVar [[r.Streaming.LimitPoolSizeToVRAM:0]]
[2020.04.26-09.26.18:800][  0]LogConfig: Setting CVar [[r.Streaming.PoolSize:1000]]
[2020.04.26-09.26.18:800][  0]LogConfig: Setting CVar [[r.Streaming.MaxEffectiveScreenSize:0]]
[2020.04.26-09.26.18:800][  0]LogConfig: Applying CVar settings from Section [EffectsQuality@3] File [D:/Github/EleBot_Project/wrong_clone_2/Saved/Config/Windows/Scalability.ini]
[2020.04.26-09.26.18:800][  0]LogConfig: Setting CVar [[r.TranslucencyLightingVolumeDim:64]]
[2020.04.26-09.26.18:800][  0]LogConfig: Setting CVar [[r.RefractionQuality:2]]
[2020.04.26-09.26.18:800][  0]LogConfig: Setting CVar [[r.SSR.Quality:3]]
[2020.04.26-09.26.18:800][  0]LogConfig: Setting CVar [[r.SceneColorFormat:4]]
[2020.04.26-09.26.18:800][  0]LogConfig: Setting CVar [[r.DetailMode:2]]
[2020.04.26-09.26.18:800][  0]LogConfig: Setting CVar [[r.TranslucencyVolumeBlur:1]]
[2020.04.26-09.26.18:800][  0]LogConfig: Setting CVar [[r.MaterialQualityLevel:1 ; High quality]]
[2020.04.26-09.26.18:800][  0]LogConfig: Setting CVar [[r.SSS.Scale:1]]
[2020.04.26-09.26.18:800][  0]LogConfig: Setting CVar [[r.SSS.SampleSet:2]]
[2020.04.26-09.26.18:800][  0]LogConfig: Setting CVar [[r.SSS.Quality:1]]
[2020.04.26-09.26.18:800][  0]LogConfig: Setting CVar [[r.SSS.HalfRes:1]]
[2020.04.26-09.26.18:800][  0]LogConfig: Setting CVar [[r.EmitterSpawnRateScale:1.0]]
[2020.04.26-09.26.18:800][  0]LogConfig: Setting CVar [[r.ParticleLightQuality:2]]
[2020.04.26-09.26.18:800][  0]LogConfig: Applying CVar settings from Section [FoliageQuality@3] File [D:/Github/EleBot_Project/wrong_clone_2/Saved/Config/Windows/Scalability.ini]
[2020.04.26-09.26.18:800][  0]LogConfig: Setting CVar [[foliage.DensityScale:1.0]]
[2020.04.26-09.26.18:800][  0]LogConfig: Setting CVar [[grass.DensityScale:1.0]]
[2020.04.26-09.26.18:800][  0]LogConfig: Applying CVar settings from Section [Startup] File [../../../Engine/Config/ConsoleVariables.ini]
[2020.04.26-09.26.18:800][  0]LogConfig: Setting CVar [[net.UseAdaptiveNetUpdateFrequency:0]]
[2020.04.26-09.26.18:800][  0]LogConfig: Setting CVar [[p.chaos.AllowCreatePhysxBodies:1]]
[2020.04.26-09.26.18:800][  0]LogConfig: Applying CVar settings from Section [ConsoleVariables] File [D:/Github/EleBot_Project/wrong_clone_2/Saved/Config/Windows/Engine.ini]
[2020.04.26-09.26.18:801][  0]LogInit: Computer: DESKTOP-EVOFKAB
[2020.04.26-09.26.18:801][  0]LogInit: User: Trapella
[2020.04.26-09.26.18:801][  0]LogInit: CPU Page size=4096, Cores=4
[2020.04.26-09.26.18:801][  0]LogInit: High frequency timer resolution =10.000000 MHz
[2020.04.26-09.26.18:801][  0]LogMemory: Memory total: Physical=16.0GB (16GB approx)
[2020.04.26-09.26.18:801][  0]LogMemory: Platform Memory Stats for Windows
[2020.04.26-09.26.18:801][  0]LogMemory: Process Physical Memory: 96.57 MB used, 96.57 MB peak
[2020.04.26-09.26.18:801][  0]LogMemory: Process Virtual Memory: 83.79 MB used, 83.79 MB peak
[2020.04.26-09.26.18:801][  0]LogMemory: Physical Memory: 5613.29 MB used,  10722.89 MB free, 16336.18 MB total
[2020.04.26-09.26.18:801][  0]LogMemory: Virtual Memory: 4624.98 MB used,  134213104.00 MB free, 134217728.00 MB total
[2020.04.26-09.26.18:821][  0]LogInit: Overriding language with editor language configuration option (en).
[2020.04.26-09.26.18:821][  0]LogInit: Overriding locale with editor locale configuration option (en).
[2020.04.26-09.26.19:017][  0]LogInit: Setting process to per monitor DPI aware
[2020.04.26-09.26.19:051][  0]LogSlate: New Slate User Created.  User Index 0, Is Virtual User: 0
[2020.04.26-09.26.19:051][  0]LogSlate: Slate User Registered.  User Index 0, Is Virtual User: 0
[2020.04.26-09.26.19:197][  0]LogHMD: Failed to initialize OpenVR with code 110
[2020.04.26-09.26.19:197][  0]LogD3D11RHI: D3D11 adapters:
[2020.04.26-09.26.19:259][  0]LogD3D11RHI:    0. 'NVIDIA GeForce GTX 1080' (Feature Level 11_0)
[2020.04.26-09.26.19:259][  0]LogD3D11RHI:       8079/0/8168 MB DedicatedVideo/DedicatedSystem/SharedSystem, Outputs:2, VendorId:0x10de
[2020.04.26-09.26.19:261][  0]LogD3D11RHI:    1. 'Microsoft Basic Render Driver' (Feature Level 11_0)
[2020.04.26-09.26.19:261][  0]LogD3D11RHI:       0/0/8168 MB DedicatedVideo/DedicatedSystem/SharedSystem, Outputs:0, VendorId:0x1414
[2020.04.26-09.26.19:261][  0]LogD3D11RHI: Chosen D3D11 Adapter: 0
[2020.04.26-09.26.19:269][  0]LogD3D11RHI: Creating new Direct3DDevice
[2020.04.26-09.26.19:269][  0]LogD3D11RHI:     GPU DeviceId: 0x1b80 (for the marketing name, search the web for "GPU Device Id")
[2020.04.26-09.26.19:269][  0]LogWindows: EnumDisplayDevices:
[2020.04.26-09.26.19:269][  0]LogWindows:    0. 'NVIDIA GeForce GTX 1080' (P:1 D:1)
[2020.04.26-09.26.19:269][  0]LogWindows:    1. 'NVIDIA GeForce GTX 1080' (P:0 D:1)
[2020.04.26-09.26.19:269][  0]LogWindows:    2. 'NVIDIA GeForce GTX 1080' (P:0 D:0)
[2020.04.26-09.26.19:270][  0]LogWindows:    3. 'NVIDIA GeForce GTX 1080' (P:0 D:0)
[2020.04.26-09.26.19:270][  0]LogWindows: DebugString: FoundDriverCount:4 
[2020.04.26-09.26.19:270][  0]LogD3D11RHI:     Adapter Name: NVIDIA GeForce GTX 1080
[2020.04.26-09.26.19:270][  0]LogD3D11RHI:   Driver Version: 445.87 (internal:26.21.14.4587, unified:445.87)
[2020.04.26-09.26.19:270][  0]LogD3D11RHI:      Driver Date: 4-3-2020
[2020.04.26-09.26.19:270][  0]LogRHI: Texture pool is 5655 MB (70% of 8079 MB)
[2020.04.26-09.26.19:315][  0]LogD3D11RHI: Async texture creation enabled
[2020.04.26-09.26.19:341][  0]LogRendererCore: FGlobalReadBuffer::InitRHI
[2020.04.26-09.26.19:341][  0]LogRendererCore: FGlobalReadBuffer::InitRHI
[2020.04.26-09.26.19:341][  0]LogRendererCore: FGlobalReadBuffer::InitRHI
[2020.04.26-09.26.19:348][  0]LogD3D11RHI: GPU Timing Frequency: 1000.000000 (Debug: 2 1)
[2020.04.26-09.26.19:644][  0]LogTemp: Display: Module 'AllDesktopTargetPlatform' loaded TargetPlatform 'AllDesktop'
[2020.04.26-09.26.19:656][  0]LogTemp: Display: Module 'MacClientTargetPlatform' loaded TargetPlatform 'MacClient'
[2020.04.26-09.26.19:669][  0]LogTemp: Display: Module 'MacNoEditorTargetPlatform' loaded TargetPlatform 'MacNoEditor'
[2020.04.26-09.26.19:681][  0]LogTemp: Display: Module 'MacServerTargetPlatform' loaded TargetPlatform 'MacServer'
[2020.04.26-09.26.19:693][  0]LogTemp: Display: Module 'MacTargetPlatform' loaded TargetPlatform 'Mac'
[2020.04.26-09.26.19:705][  0]LogTemp: Display: Module 'WindowsClientTargetPlatform' loaded TargetPlatform 'WindowsClient'
[2020.04.26-09.26.19:717][  0]LogTemp: Display: Module 'WindowsNoEditorTargetPlatform' loaded TargetPlatform 'WindowsNoEditor'
[2020.04.26-09.26.19:729][  0]LogTemp: Display: Module 'WindowsServerTargetPlatform' loaded TargetPlatform 'WindowsServer'
[2020.04.26-09.26.19:735][  0]LogTemp: Display: Module 'WindowsTargetPlatform' loaded TargetPlatform 'Windows'
[2020.04.26-09.26.19:812][  0]LogTemp: Display: Module 'AndroidTargetPlatform' loaded TargetPlatform 'Android'
[2020.04.26-09.26.19:812][  0]LogTemp: Display: Module 'AndroidTargetPlatform' loaded TargetPlatform 'Android_ASTC'
[2020.04.26-09.26.19:812][  0]LogTemp: Display: Module 'AndroidTargetPlatform' loaded TargetPlatform 'Android_ATC'
[2020.04.26-09.26.19:812][  0]LogTemp: Display: Module 'AndroidTargetPlatform' loaded TargetPlatform 'Android_DXT'
[2020.04.26-09.26.19:812][  0]LogTemp: Display: Module 'AndroidTargetPlatform' loaded TargetPlatform 'Android_ETC1'
[2020.04.26-09.26.19:812][  0]LogTemp: Display: Module 'AndroidTargetPlatform' loaded TargetPlatform 'Android_ETC1a'
[2020.04.26-09.26.19:812][  0]LogTemp: Display: Module 'AndroidTargetPlatform' loaded TargetPlatform 'Android_ETC2'
[2020.04.26-09.26.19:812][  0]LogTemp: Display: Module 'AndroidTargetPlatform' loaded TargetPlatform 'Android_PVRTC'
[2020.04.26-09.26.19:812][  0]LogTemp: Display: Module 'AndroidTargetPlatform' loaded TargetPlatform 'AndroidClient'
[2020.04.26-09.26.19:812][  0]LogTemp: Display: Module 'AndroidTargetPlatform' loaded TargetPlatform 'Android_ASTCClient'
[2020.04.26-09.26.19:812][  0]LogTemp: Display: Module 'AndroidTargetPlatform' loaded TargetPlatform 'Android_ATCClient'
[2020.04.26-09.26.19:812][  0]LogTemp: Display: Module 'AndroidTargetPlatform' loaded TargetPlatform 'Android_DXTClient'
[2020.04.26-09.26.19:812][  0]LogTemp: Display: Module 'AndroidTargetPlatform' loaded TargetPlatform 'Android_ETC1Client'
[2020.04.26-09.26.19:812][  0]LogTemp: Display: Module 'AndroidTargetPlatform' loaded TargetPlatform 'Android_ETC1aClient'
[2020.04.26-09.26.19:812][  0]LogTemp: Display: Module 'AndroidTargetPlatform' loaded TargetPlatform 'Android_ETC2Client'
[2020.04.26-09.26.19:812][  0]LogTemp: Display: Module 'AndroidTargetPlatform' loaded TargetPlatform 'Android_PVRTCClient'
[2020.04.26-09.26.19:812][  0]LogTemp: Display: Module 'AndroidTargetPlatform' loaded TargetPlatform 'Android_Multi'
[2020.04.26-09.26.19:813][  0]LogTemp: Display: Module 'AndroidTargetPlatform' loaded TargetPlatform 'Android_MultiClient'
[2020.04.26-09.26.19:814][  0]LogTemp: Display: Module 'HTML5TargetPlatform' loaded TargetPlatform 'HTML5'
[2020.04.26-09.26.19:861][  0]LogTemp: Display: Module 'IOSTargetPlatform' loaded TargetPlatform 'IOSClient'
[2020.04.26-09.26.19:861][  0]LogTemp: Display: Module 'IOSTargetPlatform' loaded TargetPlatform 'IOS'
[2020.04.26-09.26.19:885][  0]LogTemp: Display: Module 'TVOSTargetPlatform' loaded TargetPlatform 'TVOSClient'
[2020.04.26-09.26.19:885][  0]LogTemp: Display: Module 'TVOSTargetPlatform' loaded TargetPlatform 'TVOS'
[2020.04.26-09.26.19:897][  0]LogTemp: Display: Module 'LinuxClientTargetPlatform' loaded TargetPlatform 'LinuxClient'
[2020.04.26-09.26.19:909][  0]LogTemp: Display: Module 'LinuxNoEditorTargetPlatform' loaded TargetPlatform 'LinuxNoEditor'
[2020.04.26-09.26.19:921][  0]LogTemp: Display: Module 'LinuxServerTargetPlatform' loaded TargetPlatform 'LinuxServer'
[2020.04.26-09.26.19:934][  0]LogTemp: Display: Module 'LinuxTargetPlatform' loaded TargetPlatform 'Linux'
[2020.04.26-09.26.19:976][  0]LogTemp: Display: Module 'LuminTargetPlatform' loaded TargetPlatform 'Lumin'
[2020.04.26-09.26.19:976][  0]LogTemp: Display: Module 'LuminTargetPlatform' loaded TargetPlatform 'LuminClient'
[2020.04.26-09.26.19:976][  0]LogTargetPlatformManager: Display: Building Assets For Windows
[2020.04.26-09.26.19:982][  0]LogAudioDebug: Display: Lib vorbis DLL was dynamically loaded.
[2020.04.26-09.26.20:017][  0]LogShaderCompilers: Guid format shader working directory is 1 characters bigger than the processId version (../../../../../Github/EleBot_Project/wrong_clone_2/Intermediate/Shaders/WorkingDirectory/84/).
[2020.04.26-09.26.20:017][  0]LogShaderCompilers: Cleaned the shader compiler working directory 'C:/Users/Trapella/AppData/Local/Temp/UnrealShaderWorkingDir/19EC05C84258D2CB132A9B8AADA77AB4/'.
[2020.04.26-09.26.20:019][  0]LogXGEController: Cleaning working directory: C:/Users/Trapella/AppData/Local/Temp/UnrealXGEWorkingDir/
[2020.04.26-09.26.20:019][  0]LogXGEController: Cannot use XGE Controller as Incredibuild is not installed on this machine.
[2020.04.26-09.26.20:019][  0]LogShaderCompilers: Cannot use XGE Shader Compiler as Incredibuild is not installed on this machine.
[2020.04.26-09.26.20:019][  0]LogShaderCompilers: Display: Using Local Shader Compiler.
[2020.04.26-09.26.20:551][  0]LogDerivedDataCache: Display: Max Cache Size: 512 MB
[2020.04.26-09.26.20:600][  0]LogDerivedDataCache: Loaded boot cache 0.05s 71MB C:/Users/Trapella/AppData/Local/UnrealEngine/4.22/DerivedDataCache/Boot.ddc.
[2020.04.26-09.26.20:600][  0]LogDerivedDataCache: Display: Loaded Boot cache: C:/Users/Trapella/AppData/Local/UnrealEngine/4.22/DerivedDataCache/Boot.ddc
[2020.04.26-09.26.20:600][  0]LogDerivedDataCache: FDerivedDataBackendGraph:  Pak pak cache file ../../../../../Github/EleBot_Project/wrong_clone_2/DerivedDataCache/DDC.ddp not found, will not use a pak cache.
[2020.04.26-09.26.20:600][  0]LogDerivedDataCache: Unable to find inner node Pak for hierarchical cache Hierarchy.
[2020.04.26-09.26.20:600][  0]LogDerivedDataCache: FDerivedDataBackendGraph:  CompressedPak pak cache file ../../../../../Github/EleBot_Project/wrong_clone_2/DerivedDataCache/Compressed.ddp not found, will not use a pak cache.
[2020.04.26-09.26.20:600][  0]LogDerivedDataCache: Unable to find inner node CompressedPak for hierarchical cache Hierarchy.
[2020.04.26-09.26.20:613][  0]LogDerivedDataCache: Display: Pak cache opened for reading ../../../Engine/DerivedDataCache/Compressed.ddp.
[2020.04.26-09.26.20:613][  0]LogDerivedDataCache: FDerivedDataBackendGraph:  EnterprisePak pak cache file ../../../Enterprise/DerivedDataCache/Compressed.ddp not found, will not use a pak cache.
[2020.04.26-09.26.20:613][  0]LogDerivedDataCache: Unable to find inner node EnterprisePak for hierarchical cache Hierarchy.
[2020.04.26-09.26.20:624][  0]LogDerivedDataCache: Using Local data cache path C:/Users/Trapella/AppData/Local/UnrealEngine/Common/DerivedDataCache: Writable
[2020.04.26-09.26.20:624][  0]LogDerivedDataCache: Shared data cache path not found in *engine.ini, will not use an Shared cache.
[2020.04.26-09.26.20:624][  0]LogDerivedDataCache: Unable to find inner node Shared for hierarchical cache Hierarchy.
[2020.04.26-09.26.20:647][  0]LogMaterial: Verifying Global Shaders for PCD3D_SM5
[2020.04.26-09.26.20:648][  0]LogSlate: Using FreeType 2.6.0
[2020.04.26-09.26.20:648][  0]LogSlate: SlateFontServices - WITH_FREETYPE: 1, WITH_HARFBUZZ: 1
[2020.04.26-09.26.20:726][  0]LogAssetRegistry: FAssetRegistry took 0.0322 seconds to start up
[2020.04.26-09.26.21:027][  0]LogInit: Selected Device Profile: [Windows]
[2020.04.26-09.26.21:148][  0]LogMeshReduction: Using QuadricMeshReduction for automatic static mesh reduction
[2020.04.26-09.26.21:148][  0]LogMeshReduction: Using SimplygonMeshReduction for automatic skeletal mesh reduction
[2020.04.26-09.26.21:148][  0]LogMeshReduction: Using ProxyLODMeshReduction for automatic mesh merging
[2020.04.26-09.26.21:148][  0]LogMeshReduction: No distributed automatic mesh merging module available
[2020.04.26-09.26.21:148][  0]LogMeshMerging: No distributed automatic mesh merging module available
[2020.04.26-09.26.21:163][  0]LogNetVersion: wrong_clone 1.0.0, NetCL: 5660361, EngineNetVer: 10, GameNetVer: 0 (Checksum: 4030561285)
[2020.04.26-09.26.21:539][  0]LogPackageLocalizationCache: Processed 10 localized package path(s) for 1 prioritized culture(s) in 0.035453 seconds
[2020.04.26-09.26.21:546][  0]LogUObjectArray: 42205 objects as part of root set at end of initial load.
[2020.04.26-09.26.21:546][  0]LogUObjectAllocator: 7325032 out of 0 bytes used by permanent object pool.
[2020.04.26-09.26.21:546][  0]LogUObjectArray: CloseDisregardForGC: 0/0 objects in disregard for GC pool
[2020.04.26-09.26.22:290][  0]LogTcpMessaging: Initializing TcpMessaging bridge
[2020.04.26-09.26.22:303][  0]LogUdpMessaging: Initializing bridge on interface 0.0.0.0:0 to multicast group 230.0.0.1:6666.
[2020.04.26-09.26.22:413][  0]SourceControl: Source control is disabled
[2020.04.26-09.26.22:413][  0]SourceControl: Source control is disabled
[2020.04.26-09.26.22:414][  0]SourceControl: Source control is disabled
[2020.04.26-09.26.22:415][  0]SourceControl: Source control is disabled
[2020.04.26-09.26.22:482][  0]LogAndroidPermission: UAndroidPermissionCallbackProxy::GetInstance
[2020.04.26-09.26.22:612][  0]LogOcInput: OculusInput pre-init called
[2020.04.26-09.26.23:238][  0]LogEngine: Initializing Engine...
[2020.04.26-09.26.23:239][  0]LogHMD: Failed to initialize OpenVR with code 110
[2020.04.26-09.26.23:240][  0]LogStats: UGameplayTagsManager::InitializeManager -  0.000 s
[2020.04.26-09.26.23:453][  0]LogInit: Initializing FReadOnlyCVARCache
[2020.04.26-09.26.23:462][  0]LogAIModule: Creating AISystem for world Untitled
[2020.04.26-09.26.23:509][  0]LogInit: XAudio2 using 'Altavoces (Realtek High Definition Audio)' : 2 channels at 48 kHz using 32 bits per sample (channel mask 0x3)
[2020.04.26-09.26.23:536][  0]LogInit: FAudioDevice initialized.
[2020.04.26-09.26.23:536][  0]LogNetVersion: Set ProjectVersion to 1.0.0.0. Version Checksum will be recalculated on next use.
[2020.04.26-09.26.23:606][  0]LogDerivedDataCache: Saved boot cache 0.07s 71MB C:/Users/Trapella/AppData/Local/UnrealEngine/4.22/DerivedDataCache/Boot.ddc.
[2020.04.26-09.26.23:616][  0]LogInit: Texture streaming: Enabled
[2020.04.26-09.26.23:628][  0]LogEngineSessionManager: EngineSessionManager initialized
[2020.04.26-09.26.23:643][  0]LogInit: Transaction tracking system initialized
[2020.04.26-09.26.23:658][  0]BlueprintLog: New page: Editor Load
[2020.04.26-09.26.23:714][  0]LocalizationService: Localization service is disabled
[2020.04.26-09.26.23:953][  0]LogFileCache: Scanning file cache for directory 'D:/Github/EleBot_Project/wrong_clone_2/Content/' took 0.01s
[2020.04.26-09.26.23:953][  0]LogCook: Display: Max memory allowance for cook 16384mb min free memory 0mb
[2020.04.26-09.26.23:953][  0]LogCook: Display: Mobile HDR setting 1
[2020.04.26-09.26.24:093][  0]SourceControl: Source control is disabled
[2020.04.26-09.26.24:093][  0]Cmd: MAP LOAD FILE="../../../../../Github/EleBot_Project/wrong_clone_2/Content/SideScrollerBP/Maps/MainMenu.umap" TEMPLATE=0 SHOWPROGRESS=1 FEATURELEVEL=3
[2020.04.26-09.26.24:094][  0]LogEditorServer: Warning: Can't find file '../../../../../Github/EleBot_Project/wrong_clone_2/Content/SideScrollerBP/Maps/MainMenu.umap'
[2020.04.26-09.26.24:094][  0]Cmd: MAP CHECKDEP NOCLEARLOG
[2020.04.26-09.26.24:094][  0]MapCheck: Map check complete: 0 Error(s), 0 Warning(s), took 0.105ms to complete.
[2020.04.26-09.26.24:094][  0]LogFileHelpers: Loading map 'MainMenu' took 0.001
[2020.04.26-09.26.24:203][  0]LogSlate: Updating window title bar state: overlay mode, drag disabled, window buttons hidden, title bar hidden
[2020.04.26-09.26.24:211][  0]LogSlate: Updating window title bar state: overlay mode, drag disabled, window buttons hidden, title bar hidden
[2020.04.26-09.26.24:219][  0]LogSlate: Updating window title bar state: overlay mode, drag disabled, window buttons hidden, title bar hidden
[2020.04.26-09.26.24:227][  0]LogSlate: Updating window title bar state: overlay mode, drag disabled, window buttons hidden, title bar hidden
[2020.04.26-09.26.24:231][  0]LogCollectionManager: Loaded 0 collections in 0.000769 seconds
[2020.04.26-09.26.24:245][  0]LogFileCache: Scanning file cache for directory 'D:/Github/EleBot_Project/wrong_clone_2/Saved/Collections/' took 0.01s
[2020.04.26-09.26.24:245][  0]LogFileCache: Scanning file cache for directory 'D:/Github/EleBot_Project/wrong_clone_2/Content/Developers/Trapella/Collections/' took 0.00s
[2020.04.26-09.26.24:245][  0]LogFileCache: Scanning file cache for directory 'D:/Github/EleBot_Project/wrong_clone_2/Content/Collections/' took 0.00s
[2020.04.26-09.26.24:245][  0]LogCollectionManager: Rebuilt the GUID cache for 0 collections in 0.000000 seconds
[2020.04.26-09.26.24:254][  0]LogContentBrowser: Native class hierarchy populated in 0.0083 seconds. Added 2741 classes and 664 folders.
[2020.04.26-09.26.24:258][  0]LogContentBrowser: Native class hierarchy updated for 'WidgetCarousel' in 0.0002 seconds. Added 0 classes and 0 folders.
[2020.04.26-09.26.24:259][  0]LogPakFile: Registered encryption key '00000000000000000000000000000000': 0 pak files mounted, 0 remain pending
[2020.04.26-09.26.24:260][  0]LogPakFile: Registered encryption key '00000000000000000000000000000000': 0 pak files mounted, 0 remain pending
[2020.04.26-09.26.24:260][  0]LogPakFile: Registered encryption key '00000000000000000000000000000000': 0 pak files mounted, 0 remain pending
[2020.04.26-09.26.24:261][  0]LogPakFile: Registered encryption key '00000000000000000000000000000000': 0 pak files mounted, 0 remain pending
[2020.04.26-09.26.24:261][  0]LogPakFile: Registered encryption key '00000000000000000000000000000000': 0 pak files mounted, 0 remain pending
[2020.04.26-09.26.24:262][  0]LogPakFile: Registered encryption key '00000000000000000000000000000000': 0 pak files mounted, 0 remain pending
[2020.04.26-09.26.24:262][  0]LogPakFile: Registered encryption key '00000000000000000000000000000000': 0 pak files mounted, 0 remain pending
[2020.04.26-09.26.24:262][  0]LogPakFile: Registered encryption key '00000000000000000000000000000000': 0 pak files mounted, 0 remain pending
[2020.04.26-09.26.24:263][  0]LogPakFile: Registered encryption key '00000000000000000000000000000000': 0 pak files mounted, 0 remain pending
[2020.04.26-09.26.24:263][  0]LogPakFile: Registered encryption key '00000000000000000000000000000000': 0 pak files mounted, 0 remain pending
[2020.04.26-09.26.24:263][  0]LogPakFile: Registered encryption key '00000000000000000000000000000000': 0 pak files mounted, 0 remain pending
[2020.04.26-09.26.24:264][  0]LogPakFile: Registered encryption key '00000000000000000000000000000000': 0 pak files mounted, 0 remain pending
[2020.04.26-09.26.24:264][  0]LogPakFile: Registered encryption key '00000000000000000000000000000000': 0 pak files mounted, 0 remain pending
[2020.04.26-09.26.24:264][  0]LogPakFile: Registered encryption key '00000000000000000000000000000000': 0 pak files mounted, 0 remain pending
[2020.04.26-09.26.24:265][  0]LogPakFile: Registered encryption key '00000000000000000000000000000000': 0 pak files mounted, 0 remain pending
[2020.04.26-09.26.24:265][  0]LogPakFile: Registered encryption key '00000000000000000000000000000000': 0 pak files mounted, 0 remain pending
[2020.04.26-09.26.24:266][  0]LogPakFile: Registered encryption key '00000000000000000000000000000000': 0 pak files mounted, 0 remain pending
[2020.04.26-09.26.24:266][  0]LogPakFile: Registered encryption key '00000000000000000000000000000000': 0 pak files mounted, 0 remain pending
[2020.04.26-09.26.24:266][  0]LogPakFile: Registered encryption key '00000000000000000000000000000000': 0 pak files mounted, 0 remain pending
[2020.04.26-09.26.24:267][  0]LogPakFile: Registered encryption key '00000000000000000000000000000000': 0 pak files mounted, 0 remain pending
[2020.04.26-09.26.24:267][  0]LogPakFile: Registered encryption key '00000000000000000000000000000000': 0 pak files mounted, 0 remain pending
[2020.04.26-09.26.24:267][  0]LogPakFile: Registered encryption key '00000000000000000000000000000000': 0 pak files mounted, 0 remain pending
[2020.04.26-09.26.24:268][  0]LogPakFile: Registered encryption key '00000000000000000000000000000000': 0 pak files mounted, 0 remain pending
[2020.04.26-09.26.24:268][  0]LogPakFile: Registered encryption key '00000000000000000000000000000000': 0 pak files mounted, 0 remain pending
[2020.04.26-09.26.24:268][  0]LogPakFile: Registered encryption key '00000000000000000000000000000000': 0 pak files mounted, 0 remain pending
[2020.04.26-09.26.24:269][  0]LogPakFile: Registered encryption key '00000000000000000000000000000000': 0 pak files mounted, 0 remain pending
[2020.04.26-09.26.24:290][  0]LogContentBrowser: Native class hierarchy updated for 'AddContentDialog' in 0.0002 seconds. Added 0 classes and 0 folders.
[2020.04.26-09.26.24:294][  0]LogContentBrowser: Native class hierarchy updated for 'SceneOutliner' in 0.0002 seconds. Added 1 classes and 2 folders.
[2020.04.26-09.26.24:349][  0]LogSlate: Took 0.000171 seconds to synchronously load lazily loaded font '../../../Engine/Content/Slate/Fonts/Roboto-Regular.ttf' (155K)
[2020.04.26-09.26.24:351][  0]LogSlate: Took 0.000143 seconds to synchronously load lazily loaded font '../../../Engine/Content/Slate/Fonts/Roboto-Bold.ttf' (160K)
[2020.04.26-09.26.24:355][  0]LogSlate: Took 0.000172 seconds to synchronously load lazily loaded font '../../../Engine/Content/Editor/Slate/Fonts/FontAwesome.ttf' (139K)
[2020.04.26-09.26.24:415][  0]LogRenderer: Reallocating scene render targets to support 1208x572 Format 10 NumSamples 1 (Frame:1).
[2020.04.26-09.26.24:522][  0]LogContentBrowser: Native class hierarchy updated for 'HierarchicalLODOutliner' in 0.0002 seconds. Added 0 classes and 0 folders.
[2020.04.26-09.26.24:522][  0]LogLoad: (Engine Initialization) Total time: 7.11 seconds
[2020.04.26-09.26.24:522][  0]LogLoad: (Engine Initialization) Total Blueprint compile time: 0.00 seconds
[2020.04.26-09.26.24:571][  0]LogAssetRegistry: Asset discovery search completed in 3.8671 seconds
[2020.04.26-09.26.24:574][  0]LogCollectionManager: Rebuilt the object cache for 0 collections in 0.000000 seconds (found 0 objects)
[2020.04.26-09.26.24:574][  0]LogCollectionManager: Fixed up redirectors for 0 collections in 0.000054 seconds (updated 0 objects)
[2020.04.26-09.26.24:575][  0]LogContentStreaming: Texture pool size now 1000 MB
[2020.04.26-09.26.24:598][  0]LogSlate: Took 0.000095 seconds to synchronously load lazily loaded font '../../../Engine/Content/Slate/Fonts/Roboto-Light.ttf' (167K)
[2020.04.26-09.26.24:618][  1]LogFileCache: Retrieving MD5 hashes for directory 'D:/Github/EleBot_Project/wrong_clone_2/Content/' took 0.07s
[2020.04.26-09.26.25:549][110]LogSlate: Took 0.000144 seconds to synchronously load lazily loaded font '../../../Engine/Content/Slate/Fonts/Roboto-Light.ttf' (167K)
[2020.04.26-09.26.27:291][317]LogSlate: FSceneViewport::OnFocusLost() reason 0
[2020.04.26-09.26.28:603][473]LogSlate: FSceneViewport::OnFocusLost() reason 0
[2020.04.26-09.26.29:675][491]LogAIModule: Creating AISystem for world Level_earth
[2020.04.26-09.26.29:817][491]LogAssetEditorManager: Opening Asset editor for World /Game/SideScrollerBP/Maps/Level_earth.Level_earth
[2020.04.26-09.26.29:847][491]LogUObjectHash: Compacting FUObjectHashTables data took   2.22ms
[2020.04.26-09.26.29:848][491]Cmd: MAP LOAD FILE="../../../../../Github/EleBot_Project/wrong_clone_2/Content/SideScrollerBP/Maps/Level_earth.umap" TEMPLATE=0 SHOWPROGRESS=1 FEATURELEVEL=3
[2020.04.26-09.26.29:848][491]LightingResults: New page: Lighting Build
[2020.04.26-09.26.29:849][491]LogContentBrowser: Native class hierarchy updated for 'StatsViewer' in 0.0002 seconds. Added 5 classes and 0 folders.
[2020.04.26-09.26.29:850][491]LoadErrors: New page: Loading map: Level_earth.umap
[2020.04.26-09.26.29:871][491]MapCheck: New page: Map Check
[2020.04.26-09.26.29:871][491]LightingResults: New page: Lighting Build
[2020.04.26-09.26.29:895][491]LogUObjectHash: Compacting FUObjectHashTables data took   1.46ms
[2020.04.26-09.26.30:071][491]LogEditorServer: Finished looking for orphan Actors (0.000 secs)
[2020.04.26-09.26.30:100][491]LogUObjectHash: Compacting FUObjectHashTables data took   1.52ms
[2020.04.26-09.26.30:125][491]Cmd: MAP CHECKDEP NOCLEARLOG
[2020.04.26-09.26.30:125][491]MapCheck: Map check complete: 0 Error(s), 0 Warning(s), took 0.162ms to complete.
[2020.04.26-09.26.30:125][491]LogFileHelpers: Loading map 'Level_earth' took 0.278
[2020.04.26-09.26.33:430][869]LogEditorViewport: Clicking on Actor (LMB): SideScrollerCharacter_C (SideScrollerCharacter2)
[2020.04.26-09.26.34:928][991]LogEditorViewport: Clicking on Actor (LMB): SideScrollerCharacter_C (SideScrollerCharacter)
[2020.04.26-09.26.38:046][297]LogEditorViewport: Clicking on Actor (CTRL LMB): SideScrollerCharacter_C (SideScrollerCharacter2)
[2020.04.26-09.26.46:330][ 71]LogEditorViewport: Clicking on Actor (LMB): StaticMeshActor (Back7)
[2020.04.26-09.26.46:929][127]LogEditorViewport: Clicking on Actor (LMB): SideScrollerCharacter_C (SideScrollerCharacter)
[2020.04.26-09.26.47:341][167]LogEditorViewport: Clicking on Actor (LMB): SideScrollerCharacter_C (SideScrollerCharacter)
[2020.04.26-09.26.50:685][560]LogEditorViewport: Clicking on Actor (LMB): SideScrollerCharacter_C (SideScrollerCharacter2)
[2020.04.26-09.26.52:886][809]LogSlate: FSceneViewport::OnFocusLost() reason 0
[2020.04.26-09.26.52:936][815]LogTemp: Repeating last play command: Selected Viewport
[2020.04.26-09.26.52:951][815]LogBlueprintUserMessages: Early PlayInEditor Detection: Level '/Game/SideScrollerBP/Maps/Level_earth.Level_earth:PersistentLevel' has LevelScriptBlueprint '/Game/SideScrollerBP/Maps/Level_earth.Level_earth:PersistentLevel.Level_earth' with GeneratedClass '/Game/SideScrollerBP/Maps/Level_earth.Level_earth_C' with ClassGeneratedBy '/Game/SideScrollerBP/Maps/Level_earth.Level_earth:PersistentLevel.Level_earth'
[2020.04.26-09.26.52:962][815]LogPlayLevel: PlayLevel: No blueprints needed recompiling
[2020.04.26-09.26.52:969][815]PIE: New page: PIE session: Level_earth (Apr 26, 2020, 1:26:52 PM)
[2020.04.26-09.26.53:000][815]LogPlayLevel: Creating play world package: /Game/SideScrollerBP/Maps/UEDPIE_0_Level_earth
[2020.04.26-09.26.53:040][815]LogPlayLevel: PIE: StaticDuplicateObject took: (0.039919s)
[2020.04.26-09.26.53:041][815]LogAIModule: Creating AISystem for world Level_earth
[2020.04.26-09.26.53:041][815]LogPlayLevel: PIE: World Init took: (0.000616s)
[2020.04.26-09.26.53:041][815]LogPlayLevel: PIE: Created PIE world by copying editor world from /Game/SideScrollerBP/Maps/Level_earth.Level_earth to /Game/SideScrollerBP/Maps/UEDPIE_0_Level_earth.Level_earth (0.040899s)
[2020.04.26-09.26.53:064][815]LogUObjectHash: Compacting FUObjectHashTables data took   1.25ms
[2020.04.26-09.26.53:117][815]LogInit: XAudio2 using 'Altavoces (Realtek High Definition Audio)' : 2 channels at 48 kHz using 32 bits per sample (channel mask 0x3)
[2020.04.26-09.26.53:139][815]LogInit: FAudioDevice initialized.
[2020.04.26-09.26.53:180][815]LogLoad: Game class is 'SideScrollerGameMode_C'
[2020.04.26-09.26.53:262][815]LogWorld: Bringing World /Game/SideScrollerBP/Maps/UEDPIE_0_Level_earth.Level_earth up for play (max tick rate 0) at 2020.04.26-11.26.53
[2020.04.26-09.26.53:278][815]LogLinker: Warning: Can't find file '/Game/FadeIn'
[2020.04.26-09.26.53:278][815]LogLinker: Warning: Can't find file '/Game/FadeIn'
[2020.04.26-09.26.53:278][815]LogUObjectGlobals: Warning: Failed to find object 'Object /Game/FadeIn.FadeIn'
[2020.04.26-09.26.53:295][815]LogWorld: Bringing up level for play took: 0.103786
[2020.04.26-09.26.53:326][815]LogContentBrowser: Native class hierarchy updated for 'MovieSceneCapture' in 0.0003 seconds. Added 20 classes and 0 folders.
[2020.04.26-09.26.53:327][815]PIE: Play in editor start time for /Game/SideScrollerBP/Maps/UEDPIE_0_Level_earth 0.968
[2020.04.26-09.26.53:328][815]LogBlueprintUserMessages: Late PlayInEditor Detection: Level '/Game/SideScrollerBP/Maps/Level_earth.Level_earth:PersistentLevel' has LevelScriptBlueprint '/Game/SideScrollerBP/Maps/Level_earth.Level_earth:PersistentLevel.Level_earth' with GeneratedClass '/Game/SideScrollerBP/Maps/Level_earth.Level_earth_C' with ClassGeneratedBy '/Game/SideScrollerBP/Maps/Level_earth.Level_earth:PersistentLevel.Level_earth'
[2020.04.26-09.26.59:377][523]LogNet: Browse: /Game/SideScrollerBP/Maps/Level_earth
[2020.04.26-09.26.59:377][523]LogLoad: LoadMap: /Game/SideScrollerBP/Maps/Level_earth
[2020.04.26-09.26.59:422][523]LogUObjectHash: Compacting FUObjectHashTables data took   1.45ms
[2020.04.26-09.26.59:422][523]LogPlayLevel: Creating play world package: /Game/SideScrollerBP/Maps/UEDPIE_0_Level_earth
[2020.04.26-09.26.59:460][523]LogPlayLevel: PIE: StaticDuplicateObject took: (0.037623s)
[2020.04.26-09.26.59:460][523]LogAIModule: Creating AISystem for world Level_earth
[2020.04.26-09.26.59:461][523]LogPlayLevel: PIE: World Init took: (0.000631s)
[2020.04.26-09.26.59:461][523]LogPlayLevel: PIE: Created PIE world by copying editor world from /Game/SideScrollerBP/Maps/Level_earth.Level_earth to /Game/SideScrollerBP/Maps/UEDPIE_0_Level_earth.Level_earth (0.038494s)
[2020.04.26-09.26.59:461][523]LogLoad: Game class is 'SideScrollerGameMode_C'
[2020.04.26-09.26.59:475][523]LogWorld: Bringing World /Game/SideScrollerBP/Maps/UEDPIE_0_Level_earth.Level_earth up for play (max tick rate 0) at 2020.04.26-11.26.59
[2020.04.26-09.26.59:476][523]LogWorld: Bringing up level for play took: 0.014875
[2020.04.26-09.26.59:477][523]LogGameMode: FindPlayerStart: PATHS NOT DEFINED or NO PLAYERSTART with positive rating
[2020.04.26-09.26.59:487][523]LogLoad: Took 0.109886 seconds to LoadMap(/Game/SideScrollerBP/Maps/UEDPIE_0_Level_earth)
[2020.04.26-09.27.01:842][804]LogNet: Browse: /Game/SideScrollerBP/Maps/Level_earth
[2020.04.26-09.27.01:842][804]LogLoad: LoadMap: /Game/SideScrollerBP/Maps/Level_earth
[2020.04.26-09.27.01:874][804]LogUObjectHash: Compacting FUObjectHashTables data took   1.10ms
[2020.04.26-09.27.01:874][804]LogPlayLevel: Creating play world package: /Game/SideScrollerBP/Maps/UEDPIE_0_Level_earth
[2020.04.26-09.27.01:913][804]LogPlayLevel: PIE: StaticDuplicateObject took: (0.038641s)
[2020.04.26-09.27.01:913][804]LogAIModule: Creating AISystem for world Level_earth
[2020.04.26-09.27.01:913][804]LogPlayLevel: PIE: World Init took: (0.000496s)
[2020.04.26-09.27.01:913][804]LogPlayLevel: PIE: Created PIE world by copying editor world from /Game/SideScrollerBP/Maps/Level_earth.Level_earth to /Game/SideScrollerBP/Maps/UEDPIE_0_Level_earth.Level_earth (0.039383s)
[2020.04.26-09.27.01:914][804]LogLoad: Game class is 'SideScrollerGameMode_C'
[2020.04.26-09.27.01:928][804]LogWorld: Bringing World /Game/SideScrollerBP/Maps/UEDPIE_0_Level_earth.Level_earth up for play (max tick rate 0) at 2020.04.26-11.27.01
[2020.04.26-09.27.01:930][804]LogWorld: Bringing up level for play took: 0.015698
[2020.04.26-09.27.01:930][804]LogGameMode: FindPlayerStart: PATHS NOT DEFINED or NO PLAYERSTART with positive rating
[2020.04.26-09.27.01:931][804]LogLoad: Took 0.089349 seconds to LoadMap(/Game/SideScrollerBP/Maps/UEDPIE_0_Level_earth)
[2020.04.26-09.27.07:636][486]LogBlueprintUserMessages: [ButtonDoorEarth_8] Hello
[2020.04.26-09.27.10:881][873]LogBlueprintUserMessages: [cloudsMove_2] Hello
[2020.04.26-09.27.17:124][622]LogBlueprintUserMessages: [cloudsMove_2] Hello
[2020.04.26-09.27.17:766][699]LogBlueprintUserMessages: [ButtonDoorEarth2_11] Hello
[2020.04.26-09.27.19:834][945]LogBlueprintUserMessages: [newCheckpoint_2] checpoint 1 reached
[2020.04.26-09.27.27:165][821]LogBlueprintUserMessages: [cloudsMove_2] Hello
[2020.04.26-09.27.42:549][665]LogBlueprintUserMessages: Early EndPlayMap Detection: Level '/Game/SideScrollerBP/Maps/Level_earth.Level_earth:PersistentLevel' has LevelScriptBlueprint '/Game/SideScrollerBP/Maps/Level_earth.Level_earth:PersistentLevel.Level_earth' with GeneratedClass '/Game/SideScrollerBP/Maps/Level_earth.Level_earth_C' with ClassGeneratedBy '/Game/SideScrollerBP/Maps/Level_earth.Level_earth:PersistentLevel.Level_earth'
[2020.04.26-09.27.42:549][665]LogSlate: Updating window title bar state: overlay mode, drag disabled, window buttons hidden, title bar hidden
[2020.04.26-09.27.42:579][665]LogPlayLevel: Display: Shutting down PIE online subsystems
[2020.04.26-09.27.42:579][665]LogBlueprintUserMessages: Late EndPlayMap Detection: Level '/Game/SideScrollerBP/Maps/Level_earth.Level_earth:PersistentLevel' has LevelScriptBlueprint '/Game/SideScrollerBP/Maps/Level_earth.Level_earth:PersistentLevel.Level_earth' with GeneratedClass '/Game/SideScrollerBP/Maps/Level_earth.Level_earth_C' with ClassGeneratedBy '/Game/SideScrollerBP/Maps/Level_earth.Level_earth:PersistentLevel.Level_earth'
[2020.04.26-09.27.42:607][665]LogSlate: Updating window title bar state: overlay mode, drag disabled, window buttons hidden, title bar hidden
[2020.04.26-09.27.42:614][665]LogUObjectHash: Compacting FUObjectHashTables data took   1.40ms
[2020.04.26-09.27.42:652][667]LogPlayLevel: Display: Destroying online subsystem :Context_4
[2020.04.26-09.27.49:053][434]LogSlate: FSceneViewport::OnFocusLost() reason 0
[2020.04.26-09.27.49:136][444]LogTemp: Repeating last play command: Selected Viewport
[2020.04.26-09.27.49:150][444]LogBlueprintUserMessages: Early PlayInEditor Detection: Level '/Game/SideScrollerBP/Maps/Level_earth.Level_earth:PersistentLevel' has LevelScriptBlueprint '/Game/SideScrollerBP/Maps/Level_earth.Level_earth:PersistentLevel.Level_earth' with GeneratedClass '/Game/SideScrollerBP/Maps/Level_earth.Level_earth_C' with ClassGeneratedBy '/Game/SideScrollerBP/Maps/Level_earth.Level_earth:PersistentLevel.Level_earth'
[2020.04.26-09.27.49:151][444]LogPlayLevel: PlayLevel: No blueprints needed recompiling
[2020.04.26-09.27.49:151][444]PIE: New page: PIE session: Level_earth (Apr 26, 2020, 1:27:49 PM)
[2020.04.26-09.27.49:151][444]LogPlayLevel: Creating play world package: /Game/SideScrollerBP/Maps/UEDPIE_0_Level_earth
[2020.04.26-09.27.49:189][444]LogPlayLevel: PIE: StaticDuplicateObject took: (0.038491s)
[2020.04.26-09.27.49:190][444]LogAIModule: Creating AISystem for world Level_earth
[2020.04.26-09.27.49:190][444]LogPlayLevel: PIE: World Init took: (0.000655s)
[2020.04.26-09.27.49:190][444]LogPlayLevel: PIE: Created PIE world by copying editor world from /Game/SideScrollerBP/Maps/Level_earth.Level_earth to /Game/SideScrollerBP/Maps/UEDPIE_0_Level_earth.Level_earth (0.039423s)
[2020.04.26-09.27.49:213][444]LogUObjectHash: Compacting FUObjectHashTables data took   1.06ms
[2020.04.26-09.27.49:240][444]LogInit: XAudio2 using 'Altavoces (Realtek High Definition Audio)' : 2 channels at 48 kHz using 32 bits per sample (channel mask 0x3)
[2020.04.26-09.27.49:266][444]LogInit: FAudioDevice initialized.
[2020.04.26-09.27.49:292][444]LogLoad: Game class is 'SideScrollerGameMode_C'
[2020.04.26-09.27.49:307][444]LogWorld: Bringing World /Game/SideScrollerBP/Maps/UEDPIE_0_Level_earth.Level_earth up for play (max tick rate 0) at 2020.04.26-11.27.49
[2020.04.26-09.27.49:308][444]LogWorld: Bringing up level for play took: 0.015318
[2020.04.26-09.27.49:322][444]PIE: Play in editor start time for /Game/SideScrollerBP/Maps/UEDPIE_0_Level_earth 0.962
[2020.04.26-09.27.49:322][444]LogBlueprintUserMessages: Late PlayInEditor Detection: Level '/Game/SideScrollerBP/Maps/Level_earth.Level_earth:PersistentLevel' has LevelScriptBlueprint '/Game/SideScrollerBP/Maps/Level_earth.Level_earth:PersistentLevel.Level_earth' with GeneratedClass '/Game/SideScrollerBP/Maps/Level_earth.Level_earth_C' with ClassGeneratedBy '/Game/SideScrollerBP/Maps/Level_earth.Level_earth:PersistentLevel.Level_earth'
[2020.04.26-09.27.51:336][681]LogBlueprintUserMessages: Early EndPlayMap Detection: Level '/Game/SideScrollerBP/Maps/Level_earth.Level_earth:PersistentLevel' has LevelScriptBlueprint '/Game/SideScrollerBP/Maps/Level_earth.Level_earth:PersistentLevel.Level_earth' with GeneratedClass '/Game/SideScrollerBP/Maps/Level_earth.Level_earth_C' with ClassGeneratedBy '/Game/SideScrollerBP/Maps/Level_earth.Level_earth:PersistentLevel.Level_earth'
[2020.04.26-09.27.51:336][681]LogSlate: Updating window title bar state: overlay mode, drag disabled, window buttons hidden, title bar hidden
[2020.04.26-09.27.51:369][681]LogPlayLevel: Display: Shutting down PIE online subsystems
[2020.04.26-09.27.51:369][681]LogBlueprintUserMessages: Late EndPlayMap Detection: Level '/Game/SideScrollerBP/Maps/Level_earth.Level_earth:PersistentLevel' has LevelScriptBlueprint '/Game/SideScrollerBP/Maps/Level_earth.Level_earth:PersistentLevel.Level_earth' with GeneratedClass '/Game/SideScrollerBP/Maps/Level_earth.Level_earth_C' with ClassGeneratedBy '/Game/SideScrollerBP/Maps/Level_earth.Level_earth:PersistentLevel.Level_earth'
[2020.04.26-09.27.51:396][681]LogSlate: Updating window title bar state: overlay mode, drag disabled, window buttons hidden, title bar hidden
[2020.04.26-09.27.51:403][681]LogUObjectHash: Compacting FUObjectHashTables data took   1.10ms
[2020.04.26-09.27.51:442][684]LogPlayLevel: Display: Destroying online subsystem :Context_5
[2020.04.26-09.28.04:767][198]LogAssetEditorManager: Opening Asset editor for Blueprint /Game/SideScrollerBP/Blueprints/GameController.GameController
[2020.04.26-09.28.05:333][198]LogContentBrowser: Native class hierarchy updated for 'BlueprintGraph' in 0.0005 seconds. Added 121 classes and 0 folders.
[2020.04.26-09.28.06:540][198]LogSlate: Took 0.014990 seconds to synchronously load lazily loaded font '../../../Engine/Content/Slate/Fonts/Roboto-BoldCondensed.ttf' (158K)
[2020.04.26-09.28.06:952][199]LogSlate: Took 0.022815 seconds to synchronously load lazily loaded font '../../../Engine/Content/Slate/Fonts/Roboto-Italic.ttf' (157K)
[2020.04.26-09.28.29:029][697]LogUObjectHash: Compacting FUObjectHashTables data took   2.86ms
[2020.04.26-09.28.29:871][697]LogSavePackage: Moving '../../../../../Github/EleBot_Project/wrong_clone_2/Saved/Level_earthF1EB10F3484CE27FE3B00C983BB5AA59.tmp' to '../../../../../Github/EleBot_Project/wrong_clone_2/Content/SideScrollerBP/Maps/Level_earth.umap'
[2020.04.26-09.28.30:247][720]LogTemp: Repeating last play command: Selected Viewport
[2020.04.26-09.28.30:262][720]LogBlueprintUserMessages: Early PlayInEditor Detection: Level '/Game/SideScrollerBP/Maps/Level_earth.Level_earth:PersistentLevel' has LevelScriptBlueprint '/Game/SideScrollerBP/Maps/Level_earth.Level_earth:PersistentLevel.Level_earth' with GeneratedClass '/Game/SideScrollerBP/Maps/Level_earth.Level_earth_C' with ClassGeneratedBy '/Game/SideScrollerBP/Maps/Level_earth.Level_earth:PersistentLevel.Level_earth'
[2020.04.26-09.28.30:262][720]BlueprintLog: New page: Pre-Play auto-recompile
[2020.04.26-09.28.30:271][720]LogPlayLevel: [PlayLevel] Compiling GameController before play...
[2020.04.26-09.28.30:496][720]LogUObjectHash: Compacting FUObjectHashTables data took   3.18ms
[2020.04.26-09.28.30:496][720]LogPlayLevel: PlayLevel: Blueprint regeneration took 233 ms (1 blueprints)
[2020.04.26-09.28.30:496][720]PIE: New page: PIE session: Level_earth (Apr 26, 2020, 1:28:30 PM)
[2020.04.26-09.28.30:496][720]LogPlayLevel: Creating play world package: /Game/SideScrollerBP/Maps/UEDPIE_0_Level_earth
[2020.04.26-09.28.30:535][720]LogPlayLevel: PIE: StaticDuplicateObject took: (0.038737s)
[2020.04.26-09.28.30:535][720]LogAIModule: Creating AISystem for world Level_earth
[2020.04.26-09.28.30:535][720]LogPlayLevel: PIE: World Init took: (0.000532s)
[2020.04.26-09.28.30:536][720]LogPlayLevel: PIE: Created PIE world by copying editor world from /Game/SideScrollerBP/Maps/Level_earth.Level_earth to /Game/SideScrollerBP/Maps/UEDPIE_0_Level_earth.Level_earth (0.039499s)
[2020.04.26-09.28.30:568][720]LogUObjectHash: Compacting FUObjectHashTables data took   1.78ms
[2020.04.26-09.28.30:595][720]LogInit: XAudio2 using 'Altavoces (Realtek High Definition Audio)' : 2 channels at 48 kHz using 32 bits per sample (channel mask 0x3)
[2020.04.26-09.28.30:615][720]LogInit: FAudioDevice initialized.
[2020.04.26-09.28.30:647][720]LogLoad: Game class is 'SideScrollerGameMode_C'
[2020.04.26-09.28.30:662][720]LogWorld: Bringing World /Game/SideScrollerBP/Maps/UEDPIE_0_Level_earth.Level_earth up for play (max tick rate 0) at 2020.04.26-11.28.30
[2020.04.26-09.28.30:664][720]LogWorld: Bringing up level for play took: 0.015892
[2020.04.26-09.28.30:677][720]PIE: Play in editor start time for /Game/SideScrollerBP/Maps/UEDPIE_0_Level_earth 0.318
[2020.04.26-09.28.30:677][720]LogBlueprintUserMessages: Late PlayInEditor Detection: Level '/Game/SideScrollerBP/Maps/Level_earth.Level_earth:PersistentLevel' has LevelScriptBlueprint '/Game/SideScrollerBP/Maps/Level_earth.Level_earth:PersistentLevel.Level_earth' with GeneratedClass '/Game/SideScrollerBP/Maps/Level_earth.Level_earth_C' with ClassGeneratedBy '/Game/SideScrollerBP/Maps/Level_earth.Level_earth:PersistentLevel.Level_earth'
[2020.04.26-09.28.33:117][874]LogBlueprintUserMessages: Early EndPlayMap Detection: Level '/Game/SideScrollerBP/Maps/Level_earth.Level_earth:PersistentLevel' has LevelScriptBlueprint '/Game/SideScrollerBP/Maps/Level_earth.Level_earth:PersistentLevel.Level_earth' with GeneratedClass '/Game/SideScrollerBP/Maps/Level_earth.Level_earth_C' with ClassGeneratedBy '/Game/SideScrollerBP/Maps/Level_earth.Level_earth:PersistentLevel.Level_earth'
[2020.04.26-09.28.33:117][874]LogSlate: Updating window title bar state: overlay mode, drag disabled, window buttons hidden, title bar hidden
[2020.04.26-09.28.33:148][874]LogPlayLevel: Display: Shutting down PIE online subsystems
[2020.04.26-09.28.33:148][874]LogBlueprintUserMessages: Late EndPlayMap Detection: Level '/Game/SideScrollerBP/Maps/Level_earth.Level_earth:PersistentLevel' has LevelScriptBlueprint '/Game/SideScrollerBP/Maps/Level_earth.Level_earth:PersistentLevel.Level_earth' with GeneratedClass '/Game/SideScrollerBP/Maps/Level_earth.Level_earth_C' with ClassGeneratedBy '/Game/SideScrollerBP/Maps/Level_earth.Level_earth:PersistentLevel.Level_earth'
[2020.04.26-09.28.33:186][874]LogSlate: Updating window title bar state: overlay mode, drag disabled, window buttons hidden, title bar hidden
[2020.04.26-09.28.33:194][874]LogUObjectHash: Compacting FUObjectHashTables data took   1.73ms
[2020.04.26-09.28.33:226][875]LogPlayLevel: Display: Destroying online subsystem :Context_17
[2020.04.26-09.28.37:057][144]BlueprintLog: New page: Compile GameController
[2020.04.26-09.28.37:272][144]LogUObjectHash: Compacting FUObjectHashTables data took   2.91ms
[2020.04.26-09.28.37:642][155]Cmd: OBJ SAVEPACKAGE PACKAGE="/Game/SideScrollerBP/Blueprints/GameController" FILE="../../../../../Github/EleBot_Project/wrong_clone_2/Content/SideScrollerBP/Blueprints/GameController.uasset" SILENT=true
[2020.04.26-09.28.37:796][155]LogSavePackage: Moving '../../../../../Github/EleBot_Project/wrong_clone_2/Saved/GameController91CAB468445E156A84C21FBD50DC45E2.tmp' to '../../../../../Github/EleBot_Project/wrong_clone_2/Content/SideScrollerBP/Blueprints/GameController.uasset'
[2020.04.26-09.28.39:041][241]LogTemp: Repeating last play command: Selected Viewport
[2020.04.26-09.28.39:071][241]LogBlueprintUserMessages: Early PlayInEditor Detection: Level '/Game/SideScrollerBP/Maps/Level_earth.Level_earth:PersistentLevel' has LevelScriptBlueprint '/Game/SideScrollerBP/Maps/Level_earth.Level_earth:PersistentLevel.Level_earth' with GeneratedClass '/Game/SideScrollerBP/Maps/Level_earth.Level_earth_C' with ClassGeneratedBy '/Game/SideScrollerBP/Maps/Level_earth.Level_earth:PersistentLevel.Level_earth'
[2020.04.26-09.28.39:071][241]LogPlayLevel: PlayLevel: No blueprints needed recompiling
[2020.04.26-09.28.39:071][241]PIE: New page: PIE session: Level_earth (Apr 26, 2020, 1:28:39 PM)
[2020.04.26-09.28.39:071][241]LogPlayLevel: Creating play world package: /Game/SideScrollerBP/Maps/UEDPIE_0_Level_earth
[2020.04.26-09.28.39:111][241]LogPlayLevel: PIE: StaticDuplicateObject took: (0.040121s)
[2020.04.26-09.28.39:112][241]LogAIModule: Creating AISystem for world Level_earth
[2020.04.26-09.28.39:112][241]LogPlayLevel: PIE: World Init took: (0.000519s)
[2020.04.26-09.28.39:112][241]LogPlayLevel: PIE: Created PIE world by copying editor world from /Game/SideScrollerBP/Maps/Level_earth.Level_earth to /Game/SideScrollerBP/Maps/UEDPIE_0_Level_earth.Level_earth (0.040875s)
[2020.04.26-09.28.39:146][241]LogUObjectHash: Compacting FUObjectHashTables data took   3.13ms
[2020.04.26-09.28.39:173][241]LogInit: XAudio2 using 'Altavoces (Realtek High Definition Audio)' : 2 channels at 48 kHz using 32 bits per sample (channel mask 0x3)
[2020.04.26-09.28.39:195][241]LogInit: FAudioDevice initialized.
[2020.04.26-09.28.39:228][241]LogLoad: Game class is 'SideScrollerGameMode_C'
[2020.04.26-09.28.39:243][241]LogWorld: Bringing World /Game/SideScrollerBP/Maps/UEDPIE_0_Level_earth.Level_earth up for play (max tick rate 0) at 2020.04.26-11.28.39
[2020.04.26-09.28.39:245][241]LogWorld: Bringing up level for play took: 0.016587
[2020.04.26-09.28.39:257][241]PIE: Play in editor start time for /Game/SideScrollerBP/Maps/UEDPIE_0_Level_earth 0.898
[2020.04.26-09.28.39:258][241]LogBlueprintUserMessages: Late PlayInEditor Detection: Level '/Game/SideScrollerBP/Maps/Level_earth.Level_earth:PersistentLevel' has LevelScriptBlueprint '/Game/SideScrollerBP/Maps/Level_earth.Level_earth:PersistentLevel.Level_earth' with GeneratedClass '/Game/SideScrollerBP/Maps/Level_earth.Level_earth_C' with ClassGeneratedBy '/Game/SideScrollerBP/Maps/Level_earth.Level_earth:PersistentLevel.Level_earth'
[2020.04.26-09.28.45:845][656]LogNet: Browse: /Game/SideScrollerBP/Maps/Level_earth
[2020.04.26-09.28.45:845][656]LogLoad: LoadMap: /Game/SideScrollerBP/Maps/Level_earth
[2020.04.26-09.28.45:885][656]LogUObjectHash: Compacting FUObjectHashTables data took   2.12ms
[2020.04.26-09.28.45:885][656]LogPlayLevel: Creating play world package: /Game/SideScrollerBP/Maps/UEDPIE_0_Level_earth
[2020.04.26-09.28.45:924][656]LogPlayLevel: PIE: StaticDuplicateObject took: (0.038882s)
[2020.04.26-09.28.45:925][656]LogAIModule: Creating AISystem for world Level_earth
[2020.04.26-09.28.45:925][656]LogPlayLevel: PIE: World Init took: (0.000608s)
[2020.04.26-09.28.45:925][656]LogPlayLevel: PIE: Created PIE world by copying editor world from /Game/SideScrollerBP/Maps/Level_earth.Level_earth to /Game/SideScrollerBP/Maps/UEDPIE_0_Level_earth.Level_earth (0.039793s)
[2020.04.26-09.28.45:925][656]LogLoad: Game class is 'SideScrollerGameMode_C'
[2020.04.26-09.28.45:940][656]LogWorld: Bringing World /Game/SideScrollerBP/Maps/UEDPIE_0_Level_earth.Level_earth up for play (max tick rate 0) at 2020.04.26-11.28.45
[2020.04.26-09.28.45:941][656]LogWorld: Bringing up level for play took: 0.015603
[2020.04.26-09.28.45:942][656]LogGameMode: FindPlayerStart: PATHS NOT DEFINED or NO PLAYERSTART with positive rating
[2020.04.26-09.28.45:943][656]LogLoad: Took 0.097519 seconds to LoadMap(/Game/SideScrollerBP/Maps/UEDPIE_0_Level_earth)
[2020.04.26-09.28.49:215][883]LogBlueprintUserMessages: [ButtonDoorEarth_8] Hello
[2020.04.26-09.28.58:523][532]LogBlueprintUserMessages: [ButtonDoorEarth2_11] Hello
[2020.04.26-09.29.00:584][676]LogBlueprintUserMessages: [newCheckpoint_2] checpoint 1 reached
[2020.04.26-09.29.01:292][725]LogBlueprintUserMessages: [cloudsMove_2] Hello
[2020.04.26-09.29.03:829][901]LogBlueprintUserMessages: [newCheckpoint_2] checpoint 1 reached
[2020.04.26-09.29.08:745][241]LogCharacterMovement: SideScrollerCharacter_3 is stuck and failed to move! Velocity: X=0.00 Y=-26.72 Z=0.00 Location: X=1250.00 Y=8194.43 Z=-541.57 Normal: X=-0.66 Y=0.29 Z=-0.70 PenetrationDepth:0.090 Actor:Movil_01_04_DM_2 Component:DestructibleComponent0 BoneName:Part10 (0 other events since notify)
[2020.04.26-09.29.12:164][474]LogBlueprintUserMessages: [cloudsMove_2] Hello
[2020.04.26-09.29.29:359][673]LogBlueprintUserMessages: [cloudsMove_2] Hello
[2020.04.26-09.29.37:439][237]LogBlueprintUserMessages: [newCheckpoint_2] checpoint 1 reached
[2020.04.26-09.29.40:013][416]LogBlueprintUserMessages: [newCheckpoint_2] checpoint 1 reached
[2020.04.26-09.29.42:241][571]LogBlueprintUserMessages: [newCheckpoint_2] checpoint 1 reached
[2020.04.26-09.29.58:624][708]LogBlueprintUserMessages: [cloudsMove_2] Hello
[2020.04.26-09.30.00:244][820]LogBlueprintUserMessages: [cloudsMove_2] Hello
[2020.04.26-09.30.10:101][452]LogSlate: FSceneViewport::OnFocusLost() reason 2
[2020.04.26-09.30.23:693][944]LogBlueprintUserMessages: [cloudsMove_2] Hello
[2020.04.26-09.30.24:332][988]LogBlueprintUserMessages: [cloudsMove_2] Hello
[2020.04.26-09.30.32:026][513]LogBlueprintUserMessages: [cloudsMove_2] Hello
[2020.04.26-09.30.43:325][281]LogBlueprintUserMessages: [cloudsMove_2] Hello
[2020.04.26-09.31.01:414][519]LogBlueprintUserMessages: [ButtonDoorEarth3_14] Hello
[2020.04.26-09.31.03:631][669]LogBlueprintUserMessages: [newCheckpoint_2] checpoint 2 reached
[2020.04.26-09.31.09:825][ 91]LogBlueprintUserMessages: [cloudsMove_2] Hello
[2020.04.26-09.31.13:112][316]LogBlueprintUserMessages: [cloudsMove_2] Hello
[2020.04.26-09.31.23:495][ 27]LogBlueprintUserMessages: [newCheckpoint_2] checpoint 3 reached
[2020.04.26-09.31.34:000][746]LogBlueprintUserMessages: [cloudsMove_2] Hello
[2020.04.26-09.31.35:286][834]LogBlueprintUserMessages: [ButtonDoorEarth4_17] Hello
[2020.04.26-09.31.36:379][908]LogBlueprintUserMessages: [cloudsMove_2] Hello
[2020.04.26-09.31.42:384][319]LogBlueprintUserMessages: Early EndPlayMap Detection: Level '/Game/SideScrollerBP/Maps/Level_earth.Level_earth:PersistentLevel' has LevelScriptBlueprint '/Game/SideScrollerBP/Maps/Level_earth.Level_earth:PersistentLevel.Level_earth' with GeneratedClass '/Game/SideScrollerBP/Maps/Level_earth.Level_earth_C' with ClassGeneratedBy '/Game/SideScrollerBP/Maps/Level_earth.Level_earth:PersistentLevel.Level_earth'
[2020.04.26-09.31.42:385][319]LogSlate: Updating window title bar state: overlay mode, drag disabled, window buttons hidden, title bar hidden
[2020.04.26-09.31.42:417][319]LogPlayLevel: Display: Shutting down PIE online subsystems
[2020.04.26-09.31.42:417][319]LogBlueprintUserMessages: Late EndPlayMap Detection: Level '/Game/SideScrollerBP/Maps/Level_earth.Level_earth:PersistentLevel' has LevelScriptBlueprint '/Game/SideScrollerBP/Maps/Level_earth.Level_earth:PersistentLevel.Level_earth' with GeneratedClass '/Game/SideScrollerBP/Maps/Level_earth.Level_earth_C' with ClassGeneratedBy '/Game/SideScrollerBP/Maps/Level_earth.Level_earth:PersistentLevel.Level_earth'
[2020.04.26-09.31.42:456][319]LogSlate: Updating window title bar state: overlay mode, drag disabled, window buttons hidden, title bar hidden
[2020.04.26-09.31.42:465][319]LogUObjectHash: Compacting FUObjectHashTables data took   2.51ms
[2020.04.26-09.31.42:501][320]LogPlayLevel: Display: Destroying online subsystem :Context_18
[2020.04.26-09.31.44:068][428]LogSlate: FSceneViewport::OnFocusLost() reason 0
[2020.04.26-09.31.47:192][647]BlueprintLog: New page: Compile GameController
[2020.04.26-09.31.47:405][647]LogUObjectHash: Compacting FUObjectHashTables data took   2.72ms
[2020.04.26-09.31.47:684][651]Cmd: OBJ SAVEPACKAGE PACKAGE="/Game/SideScrollerBP/Blueprints/GameController" FILE="../../../../../Github/EleBot_Project/wrong_clone_2/Content/SideScrollerBP/Blueprints/GameController.uasset" SILENT=true
[2020.04.26-09.31.47:829][651]LogSavePackage: Moving '../../../../../Github/EleBot_Project/wrong_clone_2/Saved/GameController1DBD65744EED94C5AB88C8A711207BA0.tmp' to '../../../../../Github/EleBot_Project/wrong_clone_2/Content/SideScrollerBP/Blueprints/GameController.uasset'
[2020.04.26-09.31.48:593][701]LogSlate: FSceneViewport::OnFocusLost() reason 0
[2020.04.26-09.31.48:677][707]LogTemp: Repeating last play command: Selected Viewport
[2020.04.26-09.31.48:706][707]LogBlueprintUserMessages: Early PlayInEditor Detection: Level '/Game/SideScrollerBP/Maps/Level_earth.Level_earth:PersistentLevel' has LevelScriptBlueprint '/Game/SideScrollerBP/Maps/Level_earth.Level_earth:PersistentLevel.Level_earth' with GeneratedClass '/Game/SideScrollerBP/Maps/Level_earth.Level_earth_C' with ClassGeneratedBy '/Game/SideScrollerBP/Maps/Level_earth.Level_earth:PersistentLevel.Level_earth'
[2020.04.26-09.31.48:706][707]LogPlayLevel: PlayLevel: No blueprints needed recompiling
[2020.04.26-09.31.48:706][707]PIE: New page: PIE session: Level_earth (Apr 26, 2020, 1:31:48 PM)
[2020.04.26-09.31.48:707][707]LogPlayLevel: Creating play world package: /Game/SideScrollerBP/Maps/UEDPIE_0_Level_earth
[2020.04.26-09.31.48:749][707]LogPlayLevel: PIE: StaticDuplicateObject took: (0.041458s)
[2020.04.26-09.31.48:749][707]LogAIModule: Creating AISystem for world Level_earth
[2020.04.26-09.31.48:749][707]LogPlayLevel: PIE: World Init took: (0.000788s)
[2020.04.26-09.31.48:750][707]LogPlayLevel: PIE: Created PIE world by copying editor world from /Game/SideScrollerBP/Maps/Level_earth.Level_earth to /Game/SideScrollerBP/Maps/UEDPIE_0_Level_earth.Level_earth (0.042526s)
[2020.04.26-09.31.48:785][707]LogUObjectHash: Compacting FUObjectHashTables data took   3.21ms
[2020.04.26-09.31.48:815][707]LogInit: XAudio2 using 'Altavoces (Realtek High Definition Audio)' : 2 channels at 48 kHz using 32 bits per sample (channel mask 0x3)
[2020.04.26-09.31.48:835][707]LogInit: FAudioDevice initialized.
[2020.04.26-09.31.48:869][707]LogLoad: Game class is 'SideScrollerGameMode_C'
[2020.04.26-09.31.48:886][707]LogWorld: Bringing World /Game/SideScrollerBP/Maps/UEDPIE_0_Level_earth.Level_earth up for play (max tick rate 0) at 2020.04.26-11.31.48
[2020.04.26-09.31.48:889][707]LogWorld: Bringing up level for play took: 0.018288
[2020.04.26-09.31.48:902][707]PIE: Play in editor start time for /Game/SideScrollerBP/Maps/UEDPIE_0_Level_earth 0.542
[2020.04.26-09.31.48:902][707]LogBlueprintUserMessages: Late PlayInEditor Detection: Level '/Game/SideScrollerBP/Maps/Level_earth.Level_earth:PersistentLevel' has LevelScriptBlueprint '/Game/SideScrollerBP/Maps/Level_earth.Level_earth:PersistentLevel.Level_earth' with GeneratedClass '/Game/SideScrollerBP/Maps/Level_earth.Level_earth_C' with ClassGeneratedBy '/Game/SideScrollerBP/Maps/Level_earth.Level_earth:PersistentLevel.Level_earth'
[2020.04.26-09.31.55:295][108]LogBlueprintUserMessages: [ButtonDoorEarth_8] Hello
[2020.04.26-09.32.04:439][710]LogBlueprintUserMessages: [ButtonDoorEarth2_11] Hello
[2020.04.26-09.32.05:446][776]LogBlueprintUserMessages: [cloudsMove_2] Hello
[2020.04.26-09.32.06:826][867]LogBlueprintUserMessages: [newCheckpoint_2] checpoint 1 reached
[2020.04.26-09.32.16:920][525]LogBlueprintUserMessages: [cloudsMove_2] Hello
[2020.04.26-09.32.28:171][264]LogBlueprintUserMessages: [ButtonDoorEarth3_14] Hello
[2020.04.26-09.32.30:329][406]LogBlueprintUserMessages: [newCheckpoint_2] checpoint 2 reached
[2020.04.26-09.32.35:182][724]LogBlueprintUserMessages: [cloudsMove_2] Hello
[2020.04.26-09.32.46:314][452]LogBlueprintUserMessages: [newCheckpoint_2] checpoint 3 reached
[2020.04.26-09.32.53:932][954]LogBlueprintUserMessages: [ButtonDoorEarth4_17] Hello
[2020.04.26-09.32.59:330][306]LogBlueprintUserMessages: [newCheckpoint_2] checpoint 3 reached
[2020.04.26-09.33.06:244][759]LogBlueprintUserMessages: [cloudsMove_2] Hello
[2020.04.26-09.33.07:922][871]LogBlueprintUserMessages: [cloudsMove_2] Hello
[2020.04.26-09.33.25:089][995]LogBlueprintUserMessages: [cloudsMove_2] Hello
[2020.04.26-09.33.25:732][ 37]LogBlueprintUserMessages: [ButtonDoorEarth5_20] Hello
[2020.04.26-09.33.25:763][ 39]LogBlueprintUserMessages: [cloudsMove_2] Hello
[2020.04.26-09.33.33:716][564]LogBlueprintUserMessages: [cloudsMove_2] Hello
[2020.04.26-09.33.35:600][689]LogNet: Browse: /Game/SideScrollerBP/Maps/Lobbt3rdPerson
[2020.04.26-09.33.35:600][689]LogLoad: LoadMap: /Game/SideScrollerBP/Maps/Lobbt3rdPerson
[2020.04.26-09.33.35:641][689]LogUObjectHash: Compacting FUObjectHashTables data took   2.58ms
[2020.04.26-09.33.36:013][689]LogAIModule: Creating AISystem for world Lobbt3rdPerson
[2020.04.26-09.33.36:013][689]LogLoad: Game class is 'SideScrollerGameMode_C'
[2020.04.26-09.33.36:016][689]LogWorld: Bringing World /Game/SideScrollerBP/Maps/UEDPIE_0_Lobbt3rdPerson.Lobbt3rdPerson up for play (max tick rate 0) at 2020.04.26-11.33.36
[2020.04.26-09.33.36:017][689]LogWorld: Bringing up level for play took: 0.002497
[2020.04.26-09.33.36:017][689]LogGameMode: FindPlayerStart: PATHS NOT DEFINED or NO PLAYERSTART with positive rating
[2020.04.26-09.33.36:018][689]LogScript: Warning: Script Msg: Attempted to access index 0 from array 'CallFunc_GetAllActorsOfClass_OutActors' of length 0 in '/Game/SideScrollerBP/Blueprints/SideScrollerCharacter.SideScrollerCharacter_C:ExecuteUbergraph_SideScrollerCharacter'!
[2020.04.26-09.33.36:018][689]LogLoad: Took 0.418336 seconds to LoadMap(/Game/SideScrollerBP/Maps/Lobbt3rdPerson)
[2020.04.26-09.33.37:491][796]LogBlueprintUserMessages: Early EndPlayMap Detection: Level '/Game/SideScrollerBP/Maps/Level_earth.Level_earth:PersistentLevel' has LevelScriptBlueprint '/Game/SideScrollerBP/Maps/Level_earth.Level_earth:PersistentLevel.Level_earth' with GeneratedClass '/Game/SideScrollerBP/Maps/Level_earth.Level_earth_C' with ClassGeneratedBy '/Game/SideScrollerBP/Maps/Level_earth.Level_earth:PersistentLevel.Level_earth'
[2020.04.26-09.33.37:492][796]LogSlate: Updating window title bar state: overlay mode, drag disabled, window buttons hidden, title bar hidden
[2020.04.26-09.33.37:518][796]LogPlayLevel: Display: Shutting down PIE online subsystems
[2020.04.26-09.33.37:518][796]LogBlueprintUserMessages: Late EndPlayMap Detection: Level '/Game/SideScrollerBP/Maps/Level_earth.Level_earth:PersistentLevel' has LevelScriptBlueprint '/Game/SideScrollerBP/Maps/Level_earth.Level_earth:PersistentLevel.Level_earth' with GeneratedClass '/Game/SideScrollerBP/Maps/Level_earth.Level_earth_C' with ClassGeneratedBy '/Game/SideScrollerBP/Maps/Level_earth.Level_earth:PersistentLevel.Level_earth'
[2020.04.26-09.33.37:557][796]LogSlate: Updating window title bar state: overlay mode, drag disabled, window buttons hidden, title bar hidden
[2020.04.26-09.33.37:562][796]LogUObjectHash: Compacting FUObjectHashTables data took   2.96ms
[2020.04.26-09.33.37:612][798]LogPlayLevel: Display: Destroying online subsystem :Context_19
[2020.04.26-09.33.38:489][852]LogSlate: FSceneViewport::OnFocusLost() reason 0
[2020.04.26-09.34.03:497][699]BlueprintLog: New page: Compile GameController
[2020.04.26-09.34.03:716][699]LogUObjectHash: Compacting FUObjectHashTables data took   2.84ms
[2020.04.26-09.34.04:179][722]Cmd: OBJ SAVEPACKAGE PACKAGE="/Game/SideScrollerBP/Blueprints/GameController" FILE="../../../../../Github/EleBot_Project/wrong_clone_2/Content/SideScrollerBP/Blueprints/GameController.uasset" SILENT=true
[2020.04.26-09.34.04:333][722]LogSavePackage: Moving '../../../../../Github/EleBot_Project/wrong_clone_2/Saved/GameControllerC0B5F98C48A44C0ABC5DFA95FEEB02EF.tmp' to '../../../../../Github/EleBot_Project/wrong_clone_2/Content/SideScrollerBP/Blueprints/GameController.uasset'
[2020.04.26-09.34.05:625][826]LogSlate: FSceneViewport::OnFocusLost() reason 0
[2020.04.26-09.34.05:685][831]LogTemp: Repeating last play command: Selected Viewport
[2020.04.26-09.34.05:713][831]LogBlueprintUserMessages: Early PlayInEditor Detection: Level '/Game/SideScrollerBP/Maps/Level_earth.Level_earth:PersistentLevel' has LevelScriptBlueprint '/Game/SideScrollerBP/Maps/Level_earth.Level_earth:PersistentLevel.Level_earth' with GeneratedClass '/Game/SideScrollerBP/Maps/Level_earth.Level_earth_C' with ClassGeneratedBy '/Game/SideScrollerBP/Maps/Level_earth.Level_earth:PersistentLevel.Level_earth'
[2020.04.26-09.34.05:713][831]LogPlayLevel: PlayLevel: No blueprints needed recompiling
[2020.04.26-09.34.05:713][831]PIE: New page: PIE session: Level_earth (Apr 26, 2020, 1:34:05 PM)
[2020.04.26-09.34.05:714][831]LogPlayLevel: Creating play world package: /Game/SideScrollerBP/Maps/UEDPIE_0_Level_earth
[2020.04.26-09.34.05:753][831]LogPlayLevel: PIE: StaticDuplicateObject took: (0.038958s)
[2020.04.26-09.34.05:753][831]LogAIModule: Creating AISystem for world Level_earth
[2020.04.26-09.34.05:754][831]LogPlayLevel: PIE: World Init took: (0.000585s)
[2020.04.26-09.34.05:754][831]LogPlayLevel: PIE: Created PIE world by copying editor world from /Game/SideScrollerBP/Maps/Level_earth.Level_earth to /Game/SideScrollerBP/Maps/UEDPIE_0_Level_earth.Level_earth (0.039821s)
[2020.04.26-09.34.05:787][831]LogUObjectHash: Compacting FUObjectHashTables data took   3.31ms
[2020.04.26-09.34.05:817][831]LogInit: XAudio2 using 'Altavoces (Realtek High Definition Audio)' : 2 channels at 48 kHz using 32 bits per sample (channel mask 0x3)
[2020.04.26-09.34.05:838][831]LogInit: FAudioDevice initialized.
[2020.04.26-09.34.05:873][831]LogLoad: Game class is 'SideScrollerGameMode_C'
[2020.04.26-09.34.05:890][831]LogWorld: Bringing World /Game/SideScrollerBP/Maps/UEDPIE_0_Level_earth.Level_earth up for play (max tick rate 0) at 2020.04.26-11.34.05
[2020.04.26-09.34.05:892][831]LogWorld: Bringing up level for play took: 0.018136
[2020.04.26-09.34.05:905][831]PIE: Play in editor start time for /Game/SideScrollerBP/Maps/UEDPIE_0_Level_earth -0.454
[2020.04.26-09.34.05:906][831]LogBlueprintUserMessages: Late PlayInEditor Detection: Level '/Game/SideScrollerBP/Maps/Level_earth.Level_earth:PersistentLevel' has LevelScriptBlueprint '/Game/SideScrollerBP/Maps/Level_earth.Level_earth:PersistentLevel.Level_earth' with GeneratedClass '/Game/SideScrollerBP/Maps/Level_earth.Level_earth_C' with ClassGeneratedBy '/Game/SideScrollerBP/Maps/Level_earth.Level_earth:PersistentLevel.Level_earth'
[2020.04.26-09.34.11:561][251]LogBlueprintUserMessages: [ButtonDoorEarth_8] Hello
[2020.04.26-09.34.19:746][883]LogBlueprintUserMessages: [ButtonDoorEarth2_11] Hello
[2020.04.26-09.34.19:967][900]LogBlueprintUserMessages: [cloudsMove_2] Hello
[2020.04.26-09.34.21:545][ 22]LogBlueprintUserMessages: [newCheckpoint_2] checpoint 1 reached
[2020.04.26-09.34.29:803][649]LogBlueprintUserMessages: [cloudsMove_2] Hello
[2020.04.26-09.34.35:525][ 90]LogBlueprintUserMessages: [newCheckpoint_2] checpoint 1 reached
[2020.04.26-09.34.38:049][286]LogBlueprintUserMessages: [newCheckpoint_2] checpoint 1 reached
[2020.04.26-09.34.45:321][848]LogBlueprintUserMessages: [cloudsMove_2] Hello
[2020.04.26-09.34.57:049][761]LogBlueprintUserMessages: [ButtonDoorEarth3_14] Hello
[2020.04.26-09.34.59:375][944]LogBlueprintUserMessages: [newCheckpoint_2] checpoint 2 reached
[2020.04.26-09.35.11:485][883]LogBlueprintUserMessages: [cloudsMove_2] Hello
[2020.04.26-09.35.12:924][995]LogBlueprintUserMessages: [cloudsMove_2] Hello
[2020.04.26-09.35.18:094][396]LogBlueprintUserMessages: [newCheckpoint_2] checpoint 3 reached
[2020.04.26-09.35.27:472][119]LogBlueprintUserMessages: [cloudsMove_2] Hello
[2020.04.26-09.35.28:036][163]LogBlueprintUserMessages: [cloudsMove_2] Hello
[2020.04.26-09.35.34:838][688]LogBlueprintUserMessages: [cloudsMove_2] Hello
[2020.04.26-09.35.38:605][980]LogBlueprintUserMessages: [ButtonDoorEarth4_17] Hello
[2020.04.26-09.35.44:809][456]LogBlueprintUserMessages: [cloudsMove_2] Hello
[2020.04.26-09.35.59:139][558]LogBlueprintUserMessages: [ButtonDoorEarth5_20] Hello
[2020.04.26-09.36.03:651][911]LogNet: Browse: /Game/SideScrollerBP/Maps/Lobbt3rdPerson
[2020.04.26-09.36.03:651][911]LogLoad: LoadMap: /Game/SideScrollerBP/Maps/Lobbt3rdPerson
[2020.04.26-09.36.03:689][911]LogUObjectHash: Compacting FUObjectHashTables data took   2.16ms
[2020.04.26-09.36.03:695][911]LogAIModule: Creating AISystem for world Lobbt3rdPerson
[2020.04.26-09.36.03:696][911]LogLoad: Game class is 'SideScrollerGameMode_C'
[2020.04.26-09.36.03:697][911]LogWorld: Bringing World /Game/SideScrollerBP/Maps/UEDPIE_0_Lobbt3rdPerson.Lobbt3rdPerson up for play (max tick rate 0) at 2020.04.26-11.36.03
[2020.04.26-09.36.03:698][911]LogWorld: Bringing up level for play took: 0.001625
[2020.04.26-09.36.03:698][911]LogGameMode: FindPlayerStart: PATHS NOT DEFINED or NO PLAYERSTART with positive rating
[2020.04.26-09.36.03:699][911]LogScript: Warning: Script Msg: Attempted to access index 0 from array 'CallFunc_GetAllActorsOfClass_OutActors' of length 0 in '/Game/SideScrollerBP/Blueprints/SideScrollerCharacter.SideScrollerCharacter_C:ExecuteUbergraph_SideScrollerCharacter'!
[2020.04.26-09.36.03:699][911]LogLoad: Took 0.048435 seconds to LoadMap(/Game/SideScrollerBP/Maps/Lobbt3rdPerson)
[2020.04.26-09.36.05:004][ 25]LogBlueprintUserMessages: Early EndPlayMap Detection: Level '/Game/SideScrollerBP/Maps/Level_earth.Level_earth:PersistentLevel' has LevelScriptBlueprint '/Game/SideScrollerBP/Maps/Level_earth.Level_earth:PersistentLevel.Level_earth' with GeneratedClass '/Game/SideScrollerBP/Maps/Level_earth.Level_earth_C' with ClassGeneratedBy '/Game/SideScrollerBP/Maps/Level_earth.Level_earth:PersistentLevel.Level_earth'
[2020.04.26-09.36.05:004][ 25]LogSlate: Updating window title bar state: overlay mode, drag disabled, window buttons hidden, title bar hidden
[2020.04.26-09.36.05:036][ 25]LogPlayLevel: Display: Shutting down PIE online subsystems
[2020.04.26-09.36.05:036][ 25]LogBlueprintUserMessages: Late EndPlayMap Detection: Level '/Game/SideScrollerBP/Maps/Level_earth.Level_earth:PersistentLevel' has LevelScriptBlueprint '/Game/SideScrollerBP/Maps/Level_earth.Level_earth:PersistentLevel.Level_earth' with GeneratedClass '/Game/SideScrollerBP/Maps/Level_earth.Level_earth_C' with ClassGeneratedBy '/Game/SideScrollerBP/Maps/Level_earth.Level_earth:PersistentLevel.Level_earth'
[2020.04.26-09.36.05:075][ 25]LogSlate: Updating window title bar state: overlay mode, drag disabled, window buttons hidden, title bar hidden
[2020.04.26-09.36.05:079][ 25]LogUObjectHash: Compacting FUObjectHashTables data took   2.11ms
[2020.04.26-09.36.05:110][ 26]LogPlayLevel: Display: Destroying online subsystem :Context_20
[2020.04.26-09.36.06:320][128]LogSlate: FSceneViewport::OnFocusLost() reason 0
[2020.04.26-09.36.06:428][134]LogUObjectHash: Compacting FUObjectHashTables data took   0.67ms
[2020.04.26-09.36.07:145][134]LogSavePackage: Moving '../../../../../Github/EleBot_Project/wrong_clone_2/Saved/Level_earth34A1E04746233A8294F8DE8EF00B3AC0.tmp' to '../../../../../Github/EleBot_Project/wrong_clone_2/Content/SideScrollerBP/Maps/Level_earth.umap'
